#
# A fatal error has been detected by the Java Runtime Environment:
#
#  EXCEPTION_STACK_OVERFLOW (0xc00000fd) at pc=0x000000005d843a67, pid=4272, tid=0x0000000000002478
#
# JRE version: Java(TM) SE Runtime Environment (8.0_111-b14) (build 1.8.0_111-b14)
# Java VM: Java HotSpot(TM) 64-Bit Server VM (25.111-b14 mixed mode windows-amd64 compressed oops)
# Problematic frame:
# V  [jvm.dll+0x213a67]
#
# Failed to write core dump. Minidumps are not enabled by default on client versions of Windows
#
# If you would like to submit a bug report, please visit:
#   http://bugreport.java.com/bugreport/crash.jsp
#

---------------  T H R E A D  ---------------

Current thread (0x000000001b627000):  JavaThread "DiscoveryClient-1" daemon [_thread_in_vm, id=9336, stack(0x000000001f1a0000,0x000000001f2a0000)]

siginfo: ExceptionCode=0xc00000fd, ExceptionInformation=0x0000000000000001 0x000000001f29b500 

Registers:
RAX=0x000000001f29b500, RBX=0x0000000000000005, RCX=0x0000000000004000, RDX=0x0000000000000006
RSP=0x000000001f29f500, RBP=0x0000000000000000, RSI=0x000000001f29f500, RDI=0x0000000000000005
R8 =0x0000000000000006, R9 =0x000000001b614480, R10=0x000000001730d470, R11=0x000000001f1aa148
R12=0x000000001b614480, R13=0x000000001b627000, R14=0x000000001f29f5c8, R15=0x000000001730d470
RIP=0x000000005d843a67, EFLAGS=0x0000000000010206

Top of Stack: (sp=0x000000001f29f500)
0x000000001f29f500:   000000001b621a60 000000005f084e7e
0x000000001f29f510:   000000001b627000 000000001b614480
0x000000001f29f520:   00000000ffffffff 000000005d844997
0x000000001f29f530:   000000001f29f630 000000001730d470
0x000000001f29f540:   000000001b627000 000000005d6f03c3
0x000000001f29f550:   000000001f29f590 000000001b627000
0x000000001f29f560:   000000001f29f620 000000001b627000
0x000000001f29f570:   000000001730d470 000000001b627000
0x000000001f29f580:   0000000003123200 000000001b627000
0x000000001f29f590:   000000001730d470 000000001b627000
0x000000001f29f5a0:   000000001730d470 000000001b627000
0x000000001f29f5b0:   0000000000000001 000000001730d470
0x000000001f29f5c0:   000000001b627000 000000001b7714c0
0x000000001f29f5d0:   000000001b627000 000000005d6f18ad
0x000000001f29f5e0:   000000001f29f8e8 00000001000069a0
0x000000001f29f5f0:   00000001000069a0 00007ffe26be55a7 

Instructions: (pc=0x000000005d843a67)
0x000000005d843a47:   48 89 6c 24 30 33 ed 66 90 e8 8b 39 08 00 ff c3
0x000000005d843a57:   48 63 c8 48 8b c6 48 0f af cf 48 ff c7 48 2b c1
0x000000005d843a67:   89 28 48 63 c3 48 3b 05 65 0c 59 00 7e db 48 8b
0x000000005d843a77:   6c 24 30 48 8b 5c 24 38 48 8b 74 24 40 48 83 c4 


Register to memory mapping:

RAX=0x000000001f29b500 is pointing into the stack for thread: 0x000000001b627000
RBX=0x0000000000000005 is an unknown value
RCX=0x0000000000004000 is an unknown value
RDX=0x0000000000000006 is an unknown value
RSP=0x000000001f29f500 is pointing into the stack for thread: 0x000000001b627000
RBP=0x0000000000000000 is an unknown value
RSI=0x000000001f29f500 is pointing into the stack for thread: 0x000000001b627000
RDI=0x0000000000000005 is an unknown value
R8 =0x0000000000000006 is an unknown value
R9 =0x000000001b614480 is an unknown value
R10={method} {0x000000001730d478} 'run' '()V' in 'java/lang/Thread'
R11=0x000000001f1aa148 is pointing into the stack for thread: 0x000000001b627000
R12=0x000000001b614480 is an unknown value
R13=0x000000001b627000 is a thread
R14=0x000000001f29f5c8 is pointing into the stack for thread: 0x000000001b627000
R15={method} {0x000000001730d478} 'run' '()V' in 'java/lang/Thread'


Stack: [0x000000001f1a0000,0x000000001f2a0000],  sp=0x000000001f29f500,  free space=1021k
Native frames: (J=compiled Java code, j=interpreted, Vv=VM code, C=native code)


---------------  P R O C E S S  ---------------

Java Threads: ( => current thread )
=>0x000000001b627000 JavaThread "DiscoveryClient-1" daemon [_thread_in_vm, id=9336, stack(0x000000001f1a0000,0x000000001f2a0000)]
  0x000000001b62a000 JavaThread "DiscoveryClient-CacheRefreshExecutor-0" daemon [_thread_blocked, id=1456, stack(0x000000001f0a0000,0x000000001f1a0000)]
  0x000000001b623800 JavaThread "PollingServerListUpdater-1" daemon [_thread_blocked, id=4516, stack(0x000000001efa0000,0x000000001f0a0000)]
  0x000000001b626800 JavaThread "DataPublisher" daemon [_thread_blocked, id=10508, stack(0x000000001eea0000,0x000000001efa0000)]
  0x000000001b625800 JavaThread "PollingServerListUpdater-0" daemon [_thread_blocked, id=12312, stack(0x000000001caa0000,0x000000001cba0000)]
  0x000000001b625000 JavaThread "NFLoadBalancer-PingTimer-MICROSERVICECLOUD-DEPT" daemon [_thread_blocked, id=8468, stack(0x000000001b9a0000,0x000000001baa0000)]
  0x000000001ac32000 JavaThread "DestroyJavaVM" [_thread_blocked, id=8448, stack(0x0000000002f10000,0x0000000003010000)]
  0x000000001ac31000 JavaThread "http-nio-80-AsyncTimeout" daemon [_thread_blocked, id=9924, stack(0x000000001eba0000,0x000000001eca0000)]
  0x000000001ac30800 JavaThread "http-nio-80-Acceptor-0" daemon [_thread_in_native, id=2956, stack(0x000000001eaa0000,0x000000001eba0000)]
  0x000000001ac2c800 JavaThread "http-nio-80-ClientPoller-1" daemon [_thread_in_native, id=12928, stack(0x000000001e9a0000,0x000000001eaa0000)]
  0x000000001ac2f800 JavaThread "http-nio-80-ClientPoller-0" daemon [_thread_in_native, id=5308, stack(0x000000001e8a0000,0x000000001e9a0000)]
  0x000000001ac2c000 JavaThread "http-nio-80-exec-10" daemon [_thread_blocked, id=9960, stack(0x000000001e7a0000,0x000000001e8a0000)]
  0x000000001ac2d800 JavaThread "http-nio-80-exec-9" daemon [_thread_blocked, id=10824, stack(0x000000001e6a0000,0x000000001e7a0000)]
  0x000000001ac2e000 JavaThread "http-nio-80-exec-8" daemon [_thread_blocked, id=1748, stack(0x000000001e5a0000,0x000000001e6a0000)]
  0x000000001ac2f000 JavaThread "http-nio-80-exec-7" daemon [_thread_blocked, id=10960, stack(0x000000001e4a0000,0x000000001e5a0000)]
  0x000000001ac2b000 JavaThread "http-nio-80-exec-6" daemon [_thread_blocked, id=3492, stack(0x000000001e3a0000,0x000000001e4a0000)]
  0x000000001ad2d000 JavaThread "http-nio-80-exec-5" daemon [_thread_blocked, id=1688, stack(0x000000001e2a0000,0x000000001e3a0000)]
  0x000000001ad2a800 JavaThread "http-nio-80-exec-4" daemon [_thread_blocked, id=1684, stack(0x000000001e1a0000,0x000000001e2a0000)]
  0x000000001ad2a000 JavaThread "http-nio-80-exec-3" daemon [_thread_blocked, id=11708, stack(0x000000001e0a0000,0x000000001e1a0000)]
  0x000000001ad2b800 JavaThread "http-nio-80-exec-2" daemon [_thread_blocked, id=2128, stack(0x000000001dfa0000,0x000000001e0a0000)]
  0x000000001ad2c000 JavaThread "http-nio-80-exec-1" daemon [_thread_blocked, id=7600, stack(0x000000001dea0000,0x000000001dfa0000)]
  0x000000001ad26000 JavaThread "NioBlockingSelector.BlockPoller-1" daemon [_thread_in_native, id=2208, stack(0x000000001dda0000,0x000000001dea0000)]
  0x000000001ad29000 JavaThread "DiscoveryClient-0" daemon [_thread_blocked, id=1984, stack(0x000000001daa0000,0x000000001dba0000)]
  0x000000001ad28800 JavaThread "AsyncResolver-bootstrap-0" daemon [_thread_blocked, id=6060, stack(0x000000001d8a0000,0x000000001d9a0000)]
  0x000000001ad27800 JavaThread "Eureka-JerseyClient-Conn-Cleaner2" daemon [_thread_blocked, id=8648, stack(0x000000001d6a0000,0x000000001d7a0000)]
  0x000000001ad27000 JavaThread "Eureka-JerseyClient-Conn-Cleaner2" daemon [_thread_blocked, id=8492, stack(0x000000001d5a0000,0x000000001d6a0000)]
  0x000000001905e000 JavaThread "File Watcher" daemon [_thread_blocked, id=12244, stack(0x000000001d0a0000,0x000000001d1a0000)]
  0x000000001b579000 JavaThread "spring.cloud.inetutils" daemon [_thread_blocked, id=10944, stack(0x000000001cda0000,0x000000001cea0000)]
  0x000000001b56e800 JavaThread "container-0" [_thread_blocked, id=7084, stack(0x000000001cca0000,0x000000001cda0000)]
  0x000000001b56b800 JavaThread "ContainerBackgroundProcessor[StandardEngine[Tomcat]]" daemon [_thread_blocked, id=7944, stack(0x000000001cba0000,0x000000001cca0000)]
  0x0000000019ce3800 JavaThread "RMI TCP Accept-0" daemon [_thread_in_native, id=7716, stack(0x000000001a3d0000,0x000000001a4d0000)]
  0x0000000019ccd800 JavaThread "RMI TCP Accept-11135" daemon [_thread_in_native, id=4052, stack(0x000000001a2d0000,0x000000001a3d0000)]
  0x0000000019c6b800 JavaThread "RMI TCP Accept-0" daemon [_thread_in_native, id=3984, stack(0x000000001a1d0000,0x000000001a2d0000)]
  0x000000001906e800 JavaThread "Service Thread" daemon [_thread_blocked, id=11804, stack(0x00000000198d0000,0x00000000199d0000)]
  0x0000000017cb7800 JavaThread "C1 CompilerThread2" daemon [_thread_blocked, id=8328, stack(0x00000000197d0000,0x00000000198d0000)]
  0x0000000017cac000 JavaThread "C2 CompilerThread1" daemon [_thread_blocked, id=3248, stack(0x00000000196d0000,0x00000000197d0000)]
  0x0000000017ca9800 JavaThread "C2 CompilerThread0" daemon [_thread_blocked, id=12784, stack(0x00000000195d0000,0x00000000196d0000)]
  0x0000000017ca9000 JavaThread "Attach Listener" daemon [_thread_blocked, id=3172, stack(0x00000000194d0000,0x00000000195d0000)]
  0x0000000019013000 JavaThread "Signal Dispatcher" daemon [_thread_blocked, id=11240, stack(0x00000000193d0000,0x00000000194d0000)]
  0x0000000017c6c800 JavaThread "Finalizer" daemon [_thread_blocked, id=3324, stack(0x0000000018ed0000,0x0000000018fd0000)]
  0x0000000017c48800 JavaThread "Reference Handler" daemon [_thread_blocked, id=9920, stack(0x0000000018dd0000,0x0000000018ed0000)]

Other Threads:
  0x0000000017c47000 VMThread [stack: 0x0000000018cd0000,0x0000000018dd0000] [id=3784]
  0x0000000019ce4800 WatcherThread [stack: 0x000000001a4d0000,0x000000001a5d0000] [id=6416]

VM state:not at safepoint (normal execution)

VM Mutex/Monitor currently owned by a thread: None

Heap:
 PSYoungGen      total 316928K, used 129338K [0x00000000d5c00000, 0x00000000ebc80000, 0x0000000100000000)
  eden space 297984K, 43% used [0x00000000d5c00000,0x00000000dda4ea00,0x00000000e7f00000)
  from space 18944K, 0% used [0x00000000e9480000,0x00000000e9480000,0x00000000ea700000)
  to   space 22016K, 0% used [0x00000000e7f00000,0x00000000e7f00000,0x00000000e9480000)
 ParOldGen       total 109568K, used 30138K [0x0000000081400000, 0x0000000087f00000, 0x00000000d5c00000)
  object space 109568K, 27% used [0x0000000081400000,0x000000008316e998,0x0000000087f00000)
 Metaspace       used 40196K, capacity 40812K, committed 41048K, reserved 1085440K
  class space    used 5303K, capacity 5444K, committed 5504K, reserved 1048576K

Card table byte_map: [0x00000000124d0000,0x00000000128d0000] byte_map_base: 0x00000000120c6000

Marking Bits: (ParMarkBitMap*) 0x000000005de4a6c0
 Begin Bits: [0x0000000012f80000, 0x0000000014f30000)
 End Bits:   [0x0000000014f30000, 0x0000000016ee0000)

Polling page: 0x0000000001350000

CodeCache: size=245760Kb used=8384Kb max_used=8389Kb free=237375Kb
 bounds [0x0000000003110000, 0x0000000003950000, 0x0000000012110000]
 total_blobs=4489 nmethods=4013 adapters=388
 compilation: enabled

Compilation events (10 events):
Event: 36.872 Thread 0x0000000017cb7800 4096       1       java.util.concurrent.atomic.AtomicLong::compareAndSet (13 bytes)
Event: 36.872 Thread 0x0000000017cb7800 nmethod 4096 0x00000000037cc8d0 code [0x00000000037cca20, 0x00000000037ccb50]
Event: 36.872 Thread 0x0000000017cb7800 4095       1       com.fasterxml.jackson.databind.node.TreeTraversingParser::getCurrentName (19 bytes)
Event: 36.873 Thread 0x0000000017cb7800 nmethod 4095 0x00000000037cc5d0 code [0x00000000037cc720, 0x00000000037cc850]
Event: 36.873 Thread 0x0000000017cb7800 4097       1       java.util.LinkedHashMap::afterNodeRemoval (65 bytes)
Event: 36.873 Thread 0x0000000017cb7800 nmethod 4097 0x00000000037cc150 code [0x00000000037cc2a0, 0x00000000037cc4b0]
Event: 36.874 Thread 0x0000000017cb7800 4098       1       java.lang.Thread::isInterrupted (6 bytes)
Event: 36.874 Thread 0x0000000017cb7800 nmethod 4098 0x0000000003780e10 code [0x0000000003780f60, 0x0000000003781088]
Event: 36.874 Thread 0x0000000017cb7800 4099       1       java.util.concurrent.SynchronousQueue$TransferStack::shouldSpin (30 bytes)
Event: 36.874 Thread 0x0000000017cb7800 nmethod 4099 0x0000000003780ad0 code [0x0000000003780c20, 0x0000000003780d90]

GC Heap History (10 events):
Event: 3.912 GC heap before
{Heap before GC invocations=6 (full 1):
 PSYoungGen      total 138240K, used 133120K [0x00000000d5c00000, 0x00000000de800000, 0x0000000100000000)
  eden space 133120K, 100% used [0x00000000d5c00000,0x00000000dde00000,0x00000000dde00000)
  from space 5120K, 0% used [0x00000000de300000,0x00000000de300000,0x00000000de800000)
  to   space 5120K, 0% used [0x00000000dde00000,0x00000000dde00000,0x00000000de300000)
 ParOldGen       total 61440K, used 8145K [0x0000000081400000, 0x0000000085000000, 0x00000000d5c00000)
  object space 61440K, 13% used [0x0000000081400000,0x0000000081bf46c8,0x0000000085000000)
 Metaspace       used 23619K, capacity 23950K, committed 24192K, reserved 1071104K
  class space    used 3060K, capacity 3169K, committed 3200K, reserved 1048576K
Event: 3.920 GC heap after
Heap after GC invocations=6 (full 1):
 PSYoungGen      total 138240K, used 5097K [0x00000000d5c00000, 0x00000000e3480000, 0x0000000100000000)
  eden space 133120K, 0% used [0x00000000d5c00000,0x00000000d5c00000,0x00000000dde00000)
  from space 5120K, 99% used [0x00000000dde00000,0x00000000de2fa5a0,0x00000000de300000)
  to   space 10240K, 0% used [0x00000000e2a80000,0x00000000e2a80000,0x00000000e3480000)
 ParOldGen       total 61440K, used 9427K [0x0000000081400000, 0x0000000085000000, 0x00000000d5c00000)
  object space 61440K, 15% used [0x0000000081400000,0x0000000081d34ee8,0x0000000085000000)
 Metaspace       used 23619K, capacity 23950K, committed 24192K, reserved 1071104K
  class space    used 3060K, capacity 3169K, committed 3200K, reserved 1048576K
}
Event: 4.624 GC heap before
{Heap before GC invocations=7 (full 1):
 PSYoungGen      total 138240K, used 138217K [0x00000000d5c00000, 0x00000000e3480000, 0x0000000100000000)
  eden space 133120K, 100% used [0x00000000d5c00000,0x00000000dde00000,0x00000000dde00000)
  from space 5120K, 99% used [0x00000000dde00000,0x00000000de2fa5a0,0x00000000de300000)
  to   space 10240K, 0% used [0x00000000e2a80000,0x00000000e2a80000,0x00000000e3480000)
 ParOldGen       total 61440K, used 9427K [0x0000000081400000, 0x0000000085000000, 0x00000000d5c00000)
  object space 61440K, 15% used [0x0000000081400000,0x0000000081d34ee8,0x0000000085000000)
 Metaspace       used 28397K, capacity 28814K, committed 29184K, reserved 1075200K
  class space    used 3643K, capacity 3756K, committed 3840K, reserved 1048576K
Event: 4.641 GC heap after
Heap after GC invocations=7 (full 1):
 PSYoungGen      total 207872K, used 10233K [0x00000000d5c00000, 0x00000000e3e80000, 0x0000000100000000)
  eden space 197632K, 0% used [0x00000000d5c00000,0x00000000d5c00000,0x00000000e1d00000)
  from space 10240K, 99% used [0x00000000e2a80000,0x00000000e347e490,0x00000000e3480000)
  to   space 13824K, 0% used [0x00000000e1d00000,0x00000000e1d00000,0x00000000e2a80000)
 ParOldGen       total 61440K, used 13993K [0x0000000081400000, 0x0000000085000000, 0x00000000d5c00000)
  object space 61440K, 22% used [0x0000000081400000,0x00000000821aa5a0,0x0000000085000000)
 Metaspace       used 28397K, capacity 28814K, committed 29184K, reserved 1075200K
  class space    used 3643K, capacity 3756K, committed 3840K, reserved 1048576K
}
Event: 5.947 GC heap before
{Heap before GC invocations=8 (full 1):
 PSYoungGen      total 207872K, used 207865K [0x00000000d5c00000, 0x00000000e3e80000, 0x0000000100000000)
  eden space 197632K, 100% used [0x00000000d5c00000,0x00000000e1d00000,0x00000000e1d00000)
  from space 10240K, 99% used [0x00000000e2a80000,0x00000000e347e490,0x00000000e3480000)
  to   space 13824K, 0% used [0x00000000e1d00000,0x00000000e1d00000,0x00000000e2a80000)
 ParOldGen       total 61440K, used 13993K [0x0000000081400000, 0x0000000085000000, 0x00000000d5c00000)
  object space 61440K, 22% used [0x0000000081400000,0x00000000821aa5a0,0x0000000085000000)
 Metaspace       used 31744K, capacity 32166K, committed 32512K, reserved 1077248K
  class space    used 4104K, capacity 4231K, committed 4352K, reserved 1048576K
Event: 5.969 GC heap after
Heap after GC invocations=8 (full 1):
 PSYoungGen      total 211456K, used 13821K [0x00000000d5c00000, 0x00000000ea700000, 0x0000000100000000)
  eden space 197632K, 0% used [0x00000000d5c00000,0x00000000d5c00000,0x00000000e1d00000)
  from space 13824K, 99% used [0x00000000e1d00000,0x00000000e2a7f490,0x00000000e2a80000)
  to   space 18944K, 0% used [0x00000000e9480000,0x00000000e9480000,0x00000000ea700000)
 ParOldGen       total 61440K, used 20395K [0x0000000081400000, 0x0000000085000000, 0x00000000d5c00000)
  object space 61440K, 33% used [0x0000000081400000,0x00000000827eafa8,0x0000000085000000)
 Metaspace       used 31744K, capacity 32166K, committed 32512K, reserved 1077248K
  class space    used 4104K, capacity 4231K, committed 4352K, reserved 1048576K
}
Event: 6.373 GC heap before
{Heap before GC invocations=9 (full 1):
 PSYoungGen      total 211456K, used 77244K [0x00000000d5c00000, 0x00000000ea700000, 0x0000000100000000)
  eden space 197632K, 32% used [0x00000000d5c00000,0x00000000d99efca0,0x00000000e1d00000)
  from space 13824K, 99% used [0x00000000e1d00000,0x00000000e2a7f490,0x00000000e2a80000)
  to   space 18944K, 0% used [0x00000000e9480000,0x00000000e9480000,0x00000000ea700000)
 ParOldGen       total 61440K, used 20395K [0x0000000081400000, 0x0000000085000000, 0x00000000d5c00000)
  object space 61440K, 33% used [0x0000000081400000,0x00000000827eafa8,0x0000000085000000)
 Metaspace       used 34799K, capacity 35318K, committed 35416K, reserved 1079296K
  class space    used 4548K, capacity 4719K, committed 4736K, reserved 1048576K
Event: 6.393 GC heap after
Heap after GC invocations=9 (full 1):
 PSYoungGen      total 316928K, used 18890K [0x00000000d5c00000, 0x00000000ebc80000, 0x0000000100000000)
  eden space 297984K, 0% used [0x00000000d5c00000,0x00000000d5c00000,0x00000000e7f00000)
  from space 18944K, 99% used [0x00000000e9480000,0x00000000ea6f2be0,0x00000000ea700000)
  to   space 22016K, 0% used [0x00000000e7f00000,0x00000000e7f00000,0x00000000e9480000)
 ParOldGen       total 61440K, used 20403K [0x0000000081400000, 0x0000000085000000, 0x00000000d5c00000)
  object space 61440K, 33% used [0x0000000081400000,0x00000000827ecfa8,0x0000000085000000)
 Metaspace       used 34799K, capacity 35318K, committed 35416K, reserved 1079296K
  class space    used 4548K, capacity 4719K, committed 4736K, reserved 1048576K
}
Event: 6.393 GC heap before
{Heap before GC invocations=10 (full 2):
 PSYoungGen      total 316928K, used 18890K [0x00000000d5c00000, 0x00000000ebc80000, 0x0000000100000000)
  eden space 297984K, 0% used [0x00000000d5c00000,0x00000000d5c00000,0x00000000e7f00000)
  from space 18944K, 99% used [0x00000000e9480000,0x00000000ea6f2be0,0x00000000ea700000)
  to   space 22016K, 0% used [0x00000000e7f00000,0x00000000e7f00000,0x00000000e9480000)
 ParOldGen       total 61440K, used 20403K [0x0000000081400000, 0x0000000085000000, 0x00000000d5c00000)
  object space 61440K, 33% used [0x0000000081400000,0x00000000827ecfa8,0x0000000085000000)
 Metaspace       used 34799K, capacity 35318K, committed 35416K, reserved 1079296K
  class space    used 4548K, capacity 4719K, committed 4736K, reserved 1048576K
Event: 6.526 GC heap after
Heap after GC invocations=10 (full 2):
 PSYoungGen      total 316928K, used 0K [0x00000000d5c00000, 0x00000000ebc80000, 0x0000000100000000)
  eden space 297984K, 0% used [0x00000000d5c00000,0x00000000d5c00000,0x00000000e7f00000)
  from space 18944K, 0% used [0x00000000e9480000,0x00000000e9480000,0x00000000ea700000)
  to   space 22016K, 0% used [0x00000000e7f00000,0x00000000e7f00000,0x00000000e9480000)
 ParOldGen       total 109568K, used 30138K [0x0000000081400000, 0x0000000087f00000, 0x00000000d5c00000)
  object space 109568K, 27% used [0x0000000081400000,0x000000008316e998,0x0000000087f00000)
 Metaspace       used 34799K, capacity 35318K, committed 35416K, reserved 1079296K
  class space    used 4548K, capacity 4719K, committed 4736K, reserved 1048576K
}

Deoptimization events (0 events):
No events

Internal exceptions (10 events):
Event: 31.944 Thread 0x000000001ad2c000 Exception <a 'java/lang/ClassNotFoundException': java/lang/ObjectCustomizer> (0x00000000dcad50c0) thrown at [C:\re\workspace\8-2-build-windows-amd64-cygwin\jdk8u111\7883\hotspot\src\share\vm\classfile\systemDictionary.cpp, line 210]
Event: 31.945 Thread 0x000000001ad2c000 Exception <a 'java/lang/ClassNotFoundException': com/netflix/loadbalancer/LoadBalancerContextCustomizer> (0x00000000dcafaba8) thrown at [C:\re\workspace\8-2-build-windows-amd64-cygwin\jdk8u111\7883\hotspot\src\share\vm\classfile\systemDictionary.cpp, line
Event: 31.946 Thread 0x000000001ad2c000 Exception <a 'java/lang/ClassNotFoundException': org/springframework/cloud/netflix/ribbon/RibbonLoadBalancerContextCustomizer> (0x00000000dcb36ac8) thrown at [C:\re\workspace\8-2-build-windows-amd64-cygwin\jdk8u111\7883\hotspot\src\share\vm\classfile\syst
Event: 31.947 Thread 0x000000001ad2c000 Exception <a 'java/lang/ClassNotFoundException': com/netflix/client/IClientConfigAwareCustomizer> (0x00000000dcb61a60) thrown at [C:\re\workspace\8-2-build-windows-amd64-cygwin\jdk8u111\7883\hotspot\src\share\vm\classfile\systemDictionary.cpp, line 210]
Event: 31.949 Thread 0x000000001ad2c000 Exception <a 'java/lang/ArrayIndexOutOfBoundsException'> (0x00000000dcc38378) thrown at [C:\re\workspace\8-2-build-windows-amd64-cygwin\jdk8u111\7883\hotspot\src\share\vm\runtime\sharedRuntime.cpp, line 605]
Event: 31.950 Thread 0x000000001ad2c000 Exception <a 'java/lang/ArrayIndexOutOfBoundsException'> (0x00000000dcc43068) thrown at [C:\re\workspace\8-2-build-windows-amd64-cygwin\jdk8u111\7883\hotspot\src\share\vm\runtime\sharedRuntime.cpp, line 605]
Event: 31.950 Thread 0x000000001ad2c000 Exception <a 'java/lang/ArrayIndexOutOfBoundsException'> (0x00000000dcc47c10) thrown at [C:\re\workspace\8-2-build-windows-amd64-cygwin\jdk8u111\7883\hotspot\src\share\vm\runtime\sharedRuntime.cpp, line 605]
Event: 35.227 Thread 0x000000001ad2c000 Exception <a 'java/lang/ArrayIndexOutOfBoundsException'> (0x00000000dce65af8) thrown at [C:\re\workspace\8-2-build-windows-amd64-cygwin\jdk8u111\7883\hotspot\src\share\vm\runtime\sharedRuntime.cpp, line 605]
Event: 35.242 Thread 0x000000001ad2c000 Exception <a 'java/lang/ArrayIndexOutOfBoundsException'> (0x00000000dd25c210) thrown at [C:\re\workspace\8-2-build-windows-amd64-cygwin\jdk8u111\7883\hotspot\src\share\vm\runtime\sharedRuntime.cpp, line 605]
Event: 35.248 Thread 0x000000001ad2c000 Exception <a 'java/io/IOException'> (0x00000000dd2b6908) thrown at [C:\re\workspace\8-2-build-windows-amd64-cygwin\jdk8u111\7883\hotspot\src\share\vm\prims\jni.cpp, line 709]

Events (10 events):
Event: 36.865 Executing VM operation: RevokeBias done
Event: 36.866 Executing VM operation: RevokeBias
Event: 36.866 Executing VM operation: RevokeBias done
Event: 36.872 Executing VM operation: RevokeBias
Event: 36.872 Executing VM operation: RevokeBias done
Event: 36.873 loading class org/springframework/cloud/client/discovery/event/HeartbeatEvent
Event: 36.873 loading class org/springframework/cloud/client/discovery/event/HeartbeatEvent done
Event: 36.874 Executing VM operation: RevokeBias
Event: 36.874 Executing VM operation: RevokeBias done
Event: 36.874 Thread 0x000000001b627000 Thread added: 0x000000001b627000


Dynamic libraries:
0x00007ff715420000 - 0x00007ff715457000 	D:\Develop\Java\jre\bin\javaw.exe
0x00007ffe26b90000 - 0x00007ffe26d3a000 	C:\windows\SYSTEM32\ntdll.dll
0x00007ffe248e0000 - 0x00007ffe24a1a000 	C:\windows\system32\KERNEL32.DLL
0x00007ffe24020000 - 0x00007ffe24130000 	C:\windows\system32\KERNELBASE.dll
0x00007ffe22ad0000 - 0x00007ffe22b58000 	C:\windows\system32\apphelp.dll
0x00007ffe21360000 - 0x00007ffe213af000 	C:\windows\AppPatch\AppPatch64\AcGenral.DLL
0x00007ffe26250000 - 0x00007ffe262f7000 	C:\windows\system32\msvcrt.dll
0x00007ffe23be0000 - 0x00007ffe23c0b000 	C:\windows\SYSTEM32\SspiCli.dll
0x00007ffe24a20000 - 0x00007ffe24a71000 	C:\windows\system32\SHLWAPI.dll
0x00007ffe264e0000 - 0x00007ffe26651000 	C:\windows\system32\USER32.dll
0x00007ffe266c0000 - 0x00007ffe26838000 	C:\windows\system32\ole32.dll
0x00007ffe24e30000 - 0x00007ffe26247000 	C:\windows\system32\SHELL32.dll
0x00007ffe234b0000 - 0x00007ffe234cf000 	C:\windows\SYSTEM32\USERENV.dll
0x00007ffe24530000 - 0x00007ffe245d5000 	C:\windows\system32\ADVAPI32.dll
0x00007ffe1b7b0000 - 0x00007ffe1b7cb000 	C:\windows\SYSTEM32\MPR.dll
0x00007ffe26300000 - 0x00007ffe26436000 	C:\windows\system32\RPCRT4.dll
0x00007ffe244d0000 - 0x00007ffe24527000 	C:\windows\SYSTEM32\sechost.dll
0x00007ffe245e0000 - 0x00007ffe247b6000 	C:\windows\SYSTEM32\combase.dll
0x00007ffe268f0000 - 0x00007ffe26a35000 	C:\windows\system32\GDI32.dll
0x00007ffe23f00000 - 0x00007ffe23f14000 	C:\windows\SYSTEM32\profapi.dll
0x00007ffe22500000 - 0x00007ffe2259f000 	C:\windows\SYSTEM32\SHCORE.dll
0x00007ffe24410000 - 0x00007ffe24444000 	C:\windows\system32\IMM32.DLL
0x00007ffe26a50000 - 0x00007ffe26b89000 	C:\windows\system32\MSCTF.dll
0x00007ffe23ec0000 - 0x00007ffe23ef0000 	C:\windows\system32\nvinitx.dll
0x00007ffe23eb0000 - 0x00007ffe23eba000 	C:\windows\SYSTEM32\VERSION.dll
0x0000000061ad0000 - 0x0000000061ad6000 	C:\Program Files\NVIDIA Corporation\CoProcManager\_etoured.dll
0x00007ffe212a0000 - 0x00007ffe212d8000 	C:\Program Files\NVIDIA Corporation\CoProcManager\nvd3d9wrapx.dll
0x00007ffe24c50000 - 0x00007ffe24e24000 	C:\windows\system32\SETUPAPI.dll
0x00007ffe23fd0000 - 0x00007ffe2401a000 	C:\windows\system32\CFGMGR32.dll
0x00007ffe21e50000 - 0x00007ffe21e74000 	C:\Program Files\NVIDIA Corporation\CoProcManager\nvdxgiwrapx.dll
0x00007ffe220d0000 - 0x00007ffe2232a000 	C:\windows\WinSxS\amd64_microsoft.windows.common-controls_6595b64144ccf1df_6.0.9600.17031_none_6242a4b3ecbb55a1\COMCTL32.dll
0x000000005f030000 - 0x000000005f102000 	D:\Develop\Java\jre\bin\msvcr100.dll
0x000000005d630000 - 0x000000005deca000 	D:\Develop\Java\jre\bin\server\jvm.dll
0x00007ffe1a780000 - 0x00007ffe1a789000 	C:\windows\SYSTEM32\WSOCK32.dll
0x00007ffe20e00000 - 0x00007ffe20e1f000 	C:\windows\SYSTEM32\WINMM.dll
0x00007ffe244b0000 - 0x00007ffe244b7000 	C:\windows\system32\PSAPI.DLL
0x00007ffe24450000 - 0x00007ffe244a8000 	C:\windows\system32\WS2_32.dll
0x00007ffe1e630000 - 0x00007ffe1e65a000 	C:\windows\SYSTEM32\WINMMBASE.dll
0x00007ffe24c20000 - 0x00007ffe24c29000 	C:\windows\system32\NSI.dll
0x00007ffe22d30000 - 0x00007ffe22d56000 	C:\windows\SYSTEM32\DEVOBJ.dll
0x000000005f020000 - 0x000000005f02f000 	D:\Develop\Java\jre\bin\verify.dll
0x000000005eff0000 - 0x000000005f019000 	D:\Develop\Java\jre\bin\java.dll
0x000000005efd0000 - 0x000000005efe6000 	D:\Develop\Java\jre\bin\zip.dll
0x000000005efc0000 - 0x000000005efcd000 	D:\Develop\Java\jre\bin\management.dll
0x000000005efa0000 - 0x000000005efba000 	D:\Develop\Java\jre\bin\net.dll
0x00007ffe23700000 - 0x00007ffe23758000 	C:\windows\system32\mswsock.dll
0x000000005ef80000 - 0x000000005ef91000 	D:\Develop\Java\jre\bin\nio.dll
0x00007ffe1b550000 - 0x00007ffe1b564000 	C:\windows\system32\napinsp.dll
0x00007ffe1b530000 - 0x00007ffe1b549000 	C:\windows\system32\pnrpnsp.dll
0x00007ffe20b00000 - 0x00007ffe20b19000 	C:\windows\system32\NLAapi.dll
0x00007ffe23510000 - 0x00007ffe235b3000 	C:\windows\SYSTEM32\DNSAPI.dll
0x00007ffe1b760000 - 0x00007ffe1b76c000 	C:\windows\System32\winrnr.dll
0x00007ffe1b510000 - 0x00007ffe1b523000 	C:\windows\system32\wshbth.dll
0x00007ffe128f0000 - 0x00007ffe129fd000 	C:\windows\SysWOW64\ierd_tgp_lsp64.dll
0x00007ffe1a760000 - 0x00007ffe1a769000 	C:\Windows\System32\rasadhlp.dll
0x00007ffe1ee10000 - 0x00007ffe1ee39000 	C:\windows\SYSTEM32\IPHLPAPI.DLL
0x00007ffe1edf0000 - 0x00007ffe1edfa000 	C:\windows\SYSTEM32\WINNSI.DLL
0x00007ffe1ea60000 - 0x00007ffe1eac7000 	C:\windows\System32\fwpuclnt.dll
0x00007ffe23760000 - 0x00007ffe2377e000 	C:\windows\SYSTEM32\CRYPTSP.dll
0x00007ffe233a0000 - 0x00007ffe233d5000 	C:\windows\system32\rsaenh.dll
0x00007ffe23a60000 - 0x00007ffe23a86000 	C:\windows\SYSTEM32\bcrypt.dll
0x00007ffe23da0000 - 0x00007ffe23e00000 	C:\windows\system32\bcryptprimitives.dll
0x00007ffe23e00000 - 0x00007ffe23e0a000 	C:\windows\SYSTEM32\CRYPTBASE.dll
0x00007ffe1ea30000 - 0x00007ffe1ea44000 	C:\windows\SYSTEM32\dhcpcsvc6.DLL
0x00007ffe1ea10000 - 0x00007ffe1ea29000 	C:\windows\SYSTEM32\dhcpcsvc.DLL
0x000000005ef50000 - 0x000000005ef74000 	D:\Develop\Java\jre\bin\sunec.dll
0x00007ffe1bbe0000 - 0x00007ffe1bd68000 	C:\windows\SYSTEM32\dbghelp.dll

VM Arguments:
jvm_args: -Dcom.sun.management.jmxremote -Dcom.sun.management.jmxremote.port=11135 -Dcom.sun.management.jmxremote.authenticate=false -Dcom.sun.management.jmxremote.ssl=false -Djava.rmi.server.hostname=localhost -Dspring.jmx.enabled=true -Dspring.application.admin.enabled=true -Xverify:none -XX:TieredStopAtLevel=1 -Dfile.encoding=UTF-8 
java_command: com.ygt.springcloud.DeptConsumer80_App
java_class_path (initial): D:\code\eclipseWorkSpace\microservicecloud\microservicecloud-consumer-dept-80\target\classes;D:\code\eclipseWorkSpace\microservicecloud\microservicecloud-api\target\classes;C:\Users\john\.m2\repository\org\projectlombok\lombok\1.16.18\lombok-1.16.18.jar;D:\Develop\repository\org\projectlombok\lombok\1.16.18\lombok-1.16.18.jar;D:\Develop\repository\org\springframework\boot\spring-boot-starter-web\1.5.9.RELEASE\spring-boot-starter-web-1.5.9.RELEASE.jar;D:\Develop\repository\org\springframework\boot\spring-boot-starter\1.5.9.RELEASE\spring-boot-starter-1.5.9.RELEASE.jar;D:\Develop\repository\org\springframework\boot\spring-boot-starter-logging\1.5.9.RELEASE\spring-boot-starter-logging-1.5.9.RELEASE.jar;D:\Develop\repository\ch\qos\logback\logback-classic\1.1.11\logback-classic-1.1.11.jar;D:\Develop\repository\ch\qos\logback\logback-core\1.2.3\logback-core-1.2.3.jar;D:\Develop\repository\org\slf4j\jcl-over-slf4j\1.7.25\jcl-over-slf4j-1.7.25.jar;D:\Develop\repository\org\slf4j\jul-to-slf4j\1.7.25\jul-to-slf4j-1.7.25.jar;D:\Develop\repository\org\slf4j\log4j-over-slf4j\1.7.25\log4j-over-slf4j-1.7.25.jar;D:\Develop\repository\org\springframework\spring-core\4.3.13.RELEASE\spring-core-4.3.13.RELEASE.jar;D:\Develop\repository\org\yaml\snakeyaml\1.17\snakeyaml-1.17.jar;D:\Develop\repository\org\springframework\boot\spring-boot-starter-tomcat\1.5.9.RELEASE\spring-boot-starter-tomcat-1.5.9.RELEASE.jar;D:\Develop\repository\org\apache\tomcat\embed\tomcat-embed-core\8.5.23\tomcat-embed-core-8.5.23.jar;D:\Develop\repository\org\apache\tomcat\tomcat-annotations-api\8.5.23\tomcat-annotations-api-8.5.23.jar;D:\Develop\repository\org\apache\tomcat\embed\tomcat-embed-el\8.5.23\tomcat-embed-el-8.5.23.jar;D:\Develop\repository\org\apache\tomcat\embed\tomcat-embed-websocket\8.5.23\tomcat-embed-websocket-8.5.23.jar;D:\Develop\repository\org\hibernate\hibernate-validator\5.3.6.Final\hibernate-validator-5.3.6.Final.jar;D:\Develop\repository\javax\validation\valid
Launcher Type: SUN_STANDARD

Environment Variables:
JAVA_HOME=D:\Develop\Java
PATH=D:/Develop/java1.8/bin/server;D:/Develop/java1.8/bin;D:/Develop/java1.8/lib/amd64;C:\ProgramData\Oracle\Java\javapath;C:\Program Files\Common Files\Siemens\Automation\Simatic OAM\bin;D:\python\37\Scripts\;D:\python\37\;C:\Program Files (x86)\Intel\iCLS Client\;C:\Program Files\Intel\iCLS Client\;C:\windows\system32;C:\windows;C:\windows\System32\Wbem;C:\windows\System32\WindowsPowerShell\v1.0\;C:\Program Files\Intel\Intel(R) Management Engine Components\DAL;C:\Program Files\Intel\Intel(R) Management Engine Components\IPT;C:\Program Files (x86)\Intel\Intel(R) Management Engine Components\DAL;C:\Program Files (x86)\Intel\Intel(R) Management Engine Components\IPT;C:\Program Files\Lenovo\Bluetooth Software\;C:\Program Files\Lenovo\Bluetooth Software\syswow64;C:\Program Files (x86)\Lenovo\Lenovo Home\;C:\Program Files (x86)\NVIDIA Corporation\PhysX\Common;D:\python\python27\gnuplot\binary;D:\QQ\Bin;D:\°ì¹«\Î¢ÐÅ\WeChat;D:\Develop\Java\bin;D:\Develop\apache-tomcat-8.5.37\lib;D:\Develop\apache-tomcat-8.5.37\bin;C:\Program Files\MySQL\MySQL Server 8.0\bin;C:\Program Files (x86)\Microsoft SQL Server\100\Tools\Binn\;C:\Program Files\Microsoft SQL Server\100\Tools\Binn\;C:\Program Files\Microsoft SQL Server\100\DTS\Binn\;D:\Develop\apache-maven-3.6.0\bin;D:\Develop\Redis;D:\Develop\nodejs\;D:\Develop\nodejs;D:\Develop\erlang\erl10.3\bin;D:\VSc++\Common\Tools\WinNT;D:\VSc++\Common\MSDev98\Bin;D:\VSc++\Common\Tools;D:\VSc++\VC98\bin;C:\Users\john\AppData\Roaming\npm;D:\Develop\eclipse;
USERNAME=john
OS=Windows_NT
PROCESSOR_IDENTIFIER=Intel64 Family 6 Model 60 Stepping 3, GenuineIntel



---------------  S Y S T E M  ---------------

OS: Windows 8.1 , 64 bit Build 9600 (6.3.9600.17031)

CPU:total 4 (2 cores per cpu, 2 threads per core) family 6 model 60 stepping 3, cmov, cx8, fxsr, mmx, sse, sse2, sse3, ssse3, sse4.1, sse4.2, popcnt, avx, avx2, aes, clmul, erms, lzcnt, ht, tsc, tscinvbit, bmi1, bmi2

Memory: 4k page, physical 8298776k(1646884k free), swap 10346776k(1296k free)

vm_info: Java HotSpot(TM) 64-Bit Server VM (25.111-b14) for windows-amd64 JRE (1.8.0_111-b14), built on Sep 22 2016 19:24:05 by "java_re" with MS VC++ 10.0 (VS2010)

time: Sun May 26 22:05:32 2019
elapsed time: 37 seconds (0d 0h 0m 37s)

