#
# There is insufficient memory for the Java Runtime Environment to continue.
# Native memory allocation (malloc) failed to allocate 32744 bytes for ChunkPool::allocate
# Possible reasons:
#   The system is out of physical RAM or swap space
#   In 32 bit mode, the process size limit was hit
# Possible solutions:
#   Reduce memory load on the system
#   Increase physical memory or swap space
#   Check if swap backing store is full
#   Use 64 bit Java on a 64 bit OS
#   Decrease Java heap size (-Xmx/-Xms)
#   Decrease number of Java threads
#   Decrease Java thread stack sizes (-Xss)
#   Set larger code cache with -XX:ReservedCodeCacheSize=
# This output file may be truncated or incomplete.
#
#  Out of Memory Error (allocation.cpp:273), pid=7456, tid=0x0000000000002d88
#
# JRE version: Java(TM) SE Runtime Environment (8.0_111-b14) (build 1.8.0_111-b14)
# Java VM: Java HotSpot(TM) 64-Bit Server VM (25.111-b14 mixed mode windows-amd64 compressed oops)
# Failed to write core dump. Minidumps are not enabled by default on client versions of Windows
#

---------------  T H R E A D  ---------------

Current thread (0x000000001d7f3800):  JavaThread "http-nio-7002-exec-2" daemon [_thread_in_vm, id=11656, stack(0x00000000225c0000,0x00000000226c0000)]

Stack: [0x00000000225c0000,0x00000000226c0000]
[error occurred during error reporting (printing stack bounds), id 0xc0000005]

Native frames: (J=compiled Java code, j=interpreted, Vv=VM code, C=native code)

Java frames: (J=compiled Java code, j=interpreted, Vv=VM code)
J 640  java.lang.Throwable.fillInStackTrace(I)Ljava/lang/Throwable; (0 bytes) @ 0x00000000032cbcbb [0x00000000032cbc80+0x3b]
J 552 C1 java.lang.Throwable.fillInStackTrace()Ljava/lang/Throwable; (29 bytes) @ 0x00000000032a1f24 [0x00000000032a1e00+0x124]
J 1333 C1 java.lang.Throwable.<init>(Ljava/lang/String;Ljava/lang/Throwable;)V (39 bytes) @ 0x00000000033f49a4 [0x00000000033f4900+0xa4]
J 614 C1 java.lang.ClassNotFoundException.<init>(Ljava/lang/String;)V (7 bytes) @ 0x00000000032c155c [0x00000000032c1520+0x3c]
J 510 C1 java.net.URLClassLoader.findClass(Ljava/lang/String;)Ljava/lang/Class; (47 bytes) @ 0x000000000328a694 [0x000000000328a540+0x154]
J 2988 C1 java.lang.ClassLoader.loadClass(Ljava/lang/String;Z)Ljava/lang/Class; (122 bytes) @ 0x000000000371502c [0x0000000003714da0+0x28c]
J 2988 C1 java.lang.ClassLoader.loadClass(Ljava/lang/String;Z)Ljava/lang/Class; (122 bytes) @ 0x0000000003714f7c [0x0000000003714da0+0x1dc]
J 537 C1 sun.misc.Launcher$AppClassLoader.loadClass(Ljava/lang/String;Z)Ljava/lang/Class; (85 bytes) @ 0x000000000329ac44 [0x000000000329a960+0x2e4]
J 533 C1 java.lang.ClassLoader.loadClass(Ljava/lang/String;)Ljava/lang/Class; (7 bytes) @ 0x0000000003299ce4 [0x0000000003299ca0+0x44]
v  ~StubRoutines::call_stub
j  com.fasterxml.jackson.databind.ser.BasicSerializerFactory.buildMapSerializer(Lcom/fasterxml/jackson/databind/SerializerProvider;Lcom/fasterxml/jackson/databind/type/MapType;Lcom/fasterxml/jackson/databind/BeanDescription;ZLcom/fasterxml/jackson/databind/JsonSerializer;Lcom/fasterxml/jackson/databind/jsontype/TypeSerializer;Lcom/fasterxml/jackson/databind/JsonSerializer;)Lcom/fasterxml/jackson/databind/JsonSerializer;+143
j  com.fasterxml.jackson.databind.ser.BasicSerializerFactory.buildContainerSerializer(Lcom/fasterxml/jackson/databind/SerializerProvider;Lcom/fasterxml/jackson/databind/JavaType;Lcom/fasterxml/jackson/databind/BeanDescription;Z)Lcom/fasterxml/jackson/databind/JsonSerializer;+124
j  com.fasterxml.jackson.databind.ser.BeanSerializerFactory._createSerializer2(Lcom/fasterxml/jackson/databind/SerializerProvider;Lcom/fasterxml/jackson/databind/JavaType;Lcom/fasterxml/jackson/databind/BeanDescription;Z)Lcom/fasterxml/jackson/databind/JsonSerializer;+37
j  com.fasterxml.jackson.databind.ser.BeanSerializerFactory.createSerializer(Lcom/fasterxml/jackson/databind/SerializerProvider;Lcom/fasterxml/jackson/databind/JavaType;)Lcom/fasterxml/jackson/databind/JsonSerializer;+142
j  com.fasterxml.jackson.databind.SerializerProvider._createUntypedSerializer(Lcom/fasterxml/jackson/databind/JavaType;)Lcom/fasterxml/jackson/databind/JsonSerializer;+13
j  com.fasterxml.jackson.databind.SerializerProvider._createAndCacheUntypedSerializer(Ljava/lang/Class;)Lcom/fasterxml/jackson/databind/JsonSerializer;+11
j  com.fasterxml.jackson.databind.SerializerProvider.findValueSerializer(Ljava/lang/Class;Lcom/fasterxml/jackson/databind/BeanProperty;)Lcom/fasterxml/jackson/databind/JsonSerializer;+48
j  com.fasterxml.jackson.databind.SerializerProvider.findTypedValueSerializer(Ljava/lang/Class;ZLcom/fasterxml/jackson/databind/BeanProperty;)Lcom/fasterxml/jackson/databind/JsonSerializer;+39
j  com.fasterxml.jackson.databind.ser.DefaultSerializerProvider.serializeValue(Lcom/fasterxml/jackson/core/JsonGenerator;Ljava/lang/Object;)V+24
j  com.fasterxml.jackson.databind.ObjectMapper.writeValue(Lcom/fasterxml/jackson/core/JsonGenerator;Ljava/lang/Object;)V+65
j  com.fasterxml.jackson.core.base.GeneratorBase.writeObject(Ljava/lang/Object;)V+24
j  com.fasterxml.jackson.core.JsonGenerator.writeObjectField(Ljava/lang/String;Ljava/lang/Object;)V+7
j  com.netflix.discovery.converters.EurekaJacksonCodec$InstanceInfoSerializer.serialize(Lcom/netflix/appinfo/InstanceInfo;Lcom/fasterxml/jackson/core/JsonGenerator;Lcom/fasterxml/jackson/databind/SerializerProvider;)V+262
j  org.springframework.cloud.netflix.eureka.server.CloudJacksonJson$CloudInstanceInfoSerializer.serialize(Lcom/netflix/appinfo/InstanceInfo;Lcom/fasterxml/jackson/core/JsonGenerator;Lcom/fasterxml/jackson/databind/SerializerProvider;)V+11
j  org.springframework.cloud.netflix.eureka.server.CloudJacksonJson$CloudInstanceInfoSerializer.serialize(Ljava/lang/Object;Lcom/fasterxml/jackson/core/JsonGenerator;Lcom/fasterxml/jackson/databind/SerializerProvider;)V+7
j  com.fasterxml.jackson.databind.ser.impl.IndexedListSerializer.serializeContents(Ljava/util/List;Lcom/fasterxml/jackson/core/JsonGenerator;Lcom/fasterxml/jackson/databind/SerializerProvider;)V+163
j  com.fasterxml.jackson.databind.ser.impl.IndexedListSerializer.serialize(Ljava/util/List;Lcom/fasterxml/jackson/core/JsonGenerator;Lcom/fasterxml/jackson/databind/SerializerProvider;)V+59
j  com.fasterxml.jackson.databind.ser.impl.IndexedListSerializer.serialize(Ljava/lang/Object;Lcom/fasterxml/jackson/core/JsonGenerator;Lcom/fasterxml/jackson/databind/SerializerProvider;)V+7
j  com.fasterxml.jackson.databind.ser.DefaultSerializerProvider.serializeValue(Lcom/fasterxml/jackson/core/JsonGenerator;Ljava/lang/Object;)V+128
j  com.fasterxml.jackson.databind.ObjectMapper.writeValue(Lcom/fasterxml/jackson/core/JsonGenerator;Ljava/lang/Object;)V+65
j  com.fasterxml.jackson.core.base.GeneratorBase.writeObject(Ljava/lang/Object;)V+24
j  com.fasterxml.jackson.core.JsonGenerator.writeObjectField(Ljava/lang/String;Ljava/lang/Object;)V+7
j  com.netflix.discovery.converters.EurekaJacksonCodec$ApplicationSerializer.serialize(Lcom/netflix/discovery/shared/Application;Lcom/fasterxml/jackson/core/JsonGenerator;Lcom/fasterxml/jackson/databind/SerializerProvider;)V+21
j  com.netflix.discovery.converters.EurekaJacksonCodec$ApplicationSerializer.serialize(Ljava/lang/Object;Lcom/fasterxml/jackson/core/JsonGenerator;Lcom/fasterxml/jackson/databind/SerializerProvider;)V+7
j  com.fasterxml.jackson.databind.ser.impl.IndexedListSerializer.serializeContents(Ljava/util/List;Lcom/fasterxml/jackson/core/JsonGenerator;Lcom/fasterxml/jackson/databind/SerializerProvider;)V+163
j  com.fasterxml.jackson.databind.ser.impl.IndexedListSerializer.serialize(Ljava/util/List;Lcom/fasterxml/jackson/core/JsonGenerator;Lcom/fasterxml/jackson/databind/SerializerProvider;)V+59
j  com.fasterxml.jackson.databind.ser.impl.IndexedListSerializer.serialize(Ljava/lang/Object;Lcom/fasterxml/jackson/core/JsonGenerator;Lcom/fasterxml/jackson/databind/SerializerProvider;)V+7
j  com.fasterxml.jackson.databind.ser.DefaultSerializerProvider.serializeValue(Lcom/fasterxml/jackson/core/JsonGenerator;Ljava/lang/Object;)V+128
j  com.fasterxml.jackson.databind.ObjectMapper.writeValue(Lcom/fasterxml/jackson/core/JsonGenerator;Ljava/lang/Object;)V+65
j  com.fasterxml.jackson.core.base.GeneratorBase.writeObject(Ljava/lang/Object;)V+24
j  com.fasterxml.jackson.core.JsonGenerator.writeObjectField(Ljava/lang/String;Ljava/lang/Object;)V+7
j  com.netflix.discovery.converters.EurekaJacksonCodec$ApplicationsSerializer.serialize(Lcom/netflix/discovery/shared/Applications;Lcom/fasterxml/jackson/core/JsonGenerator;Lcom/fasterxml/jackson/databind/SerializerProvider;)V+38
j  com.netflix.discovery.converters.EurekaJacksonCodec$ApplicationsSerializer.serialize(Ljava/lang/Object;Lcom/fasterxml/jackson/core/JsonGenerator;Lcom/fasterxml/jackson/databind/SerializerProvider;)V+7
j  com.fasterxml.jackson.databind.ser.DefaultSerializerProvider.serializeValue(Lcom/fasterxml/jackson/core/JsonGenerator;Ljava/lang/Object;Lcom/fasterxml/jackson/databind/JavaType;Lcom/fasterxml/jackson/databind/JsonSerializer;)V+167
j  com.fasterxml.jackson.databind.ObjectWriter$Prefetch.serialize(Lcom/fasterxml/jackson/core/JsonGenerator;Ljava/lang/Object;Lcom/fasterxml/jackson/databind/ser/DefaultSerializerProvider;)V+46
j  com.fasterxml.jackson.databind.ObjectWriter._configAndWriteValue(Lcom/fasterxml/jackson/core/JsonGenerator;Ljava/lang/Object;)V+42
j  com.fasterxml.jackson.databind.ObjectWriter.writeValueAsString(Ljava/lang/Object;)Ljava/lang/String;+25
j  com.netflix.discovery.converters.EurekaJacksonCodec.writeToString(Ljava/lang/Object;)Ljava/lang/String;+32
j  org.springframework.cloud.netflix.eureka.server.CloudJacksonJson.encode(Ljava/lang/Object;)Ljava/lang/String;+5
j  com.netflix.eureka.registry.ResponseCacheImpl.getPayLoad(Lcom/netflix/eureka/registry/Key;Lcom/netflix/discovery/shared/Applications;)Ljava/lang/String;+20
j  com.netflix.eureka.registry.ResponseCacheImpl.generatePayload(Lcom/netflix/eureka/registry/Key;)Lcom/netflix/eureka/registry/ResponseCacheImpl$Value;+112
j  com.netflix.eureka.registry.ResponseCacheImpl.access$100(Lcom/netflix/eureka/registry/ResponseCacheImpl;Lcom/netflix/eureka/registry/Key;)Lcom/netflix/eureka/registry/ResponseCacheImpl$Value;+2
j  com.netflix.eureka.registry.ResponseCacheImpl$2.load(Lcom/netflix/eureka/registry/Key;)Lcom/netflix/eureka/registry/ResponseCacheImpl$Value;+32
j  com.netflix.eureka.registry.ResponseCacheImpl$2.load(Ljava/lang/Object;)Ljava/lang/Object;+5
j  com.google.common.cache.LocalCache$LoadingValueReference.loadFuture(Ljava/lang/Object;Lcom/google/common/cache/CacheLoader;)Lcom/google/common/util/concurrent/ListenableFuture;+24
j  com.google.common.cache.LocalCache$Segment.loadSync(Ljava/lang/Object;ILcom/google/common/cache/LocalCache$LoadingValueReference;Lcom/google/common/cache/CacheLoader;)Ljava/lang/Object;+4
j  com.google.common.cache.LocalCache$Segment.lockedGetOrLoad(Ljava/lang/Object;ILcom/google/common/cache/CacheLoader;)Ljava/lang/Object;+379
j  com.google.common.cache.LocalCache$Segment.get(Ljava/lang/Object;ILcom/google/common/cache/CacheLoader;)Ljava/lang/Object;+138
j  com.google.common.cache.LocalCache.get(Ljava/lang/Object;Lcom/google/common/cache/CacheLoader;)Ljava/lang/Object;+17
j  com.google.common.cache.LocalCache.getOrLoad(Ljava/lang/Object;)Ljava/lang/Object;+6
j  com.google.common.cache.LocalCache$LocalLoadingCache.get(Ljava/lang/Object;)Ljava/lang/Object;+5
j  com.netflix.eureka.registry.ResponseCacheImpl.getValue(Lcom/netflix/eureka/registry/Key;Z)Lcom/netflix/eureka/registry/ResponseCacheImpl$Value;+37
j  com.netflix.eureka.registry.ResponseCacheImpl.getGZIP(Lcom/netflix/eureka/registry/Key;)[B+6
j  com.netflix.eureka.resources.ApplicationsResource.getContainers(Ljava/lang/String;Ljava/lang/String;Ljava/lang/String;Ljava/lang/String;Ljavax/ws/rs/core/UriInfo;Ljava/lang/String;)Ljavax/ws/rs/core/Response;+168
v  ~StubRoutines::call_stub
J 1280  sun.reflect.NativeMethodAccessorImpl.invoke0(Ljava/lang/reflect/Method;Ljava/lang/Object;[Ljava/lang/Object;)Ljava/lang/Object; (0 bytes) @ 0x00000000033d12bf [0x00000000033d1240+0x7f]
J 1279 C1 sun.reflect.NativeMethodAccessorImpl.invoke(Ljava/lang/Object;[Ljava/lang/Object;)Ljava/lang/Object; (104 bytes) @ 0x00000000033d1c9c [0x00000000033d1920+0x37c]
J 1163 C1 sun.reflect.DelegatingMethodAccessorImpl.invoke(Ljava/lang/Object;[Ljava/lang/Object;)Ljava/lang/Object; (10 bytes) @ 0x00000000033850a4 [0x0000000003385060+0x44]
J 1162 C1 java.lang.reflect.Method.invoke(Ljava/lang/Object;[Ljava/lang/Object;)Ljava/lang/Object; (62 bytes) @ 0x0000000003384cd4 [0x0000000003384be0+0xf4]
j  com.sun.jersey.spi.container.JavaMethodInvokerFactory$1.invoke(Ljava/lang/reflect/Method;Ljava/lang/Object;[Ljava/lang/Object;)Ljava/lang/Object;+3
j  com.sun.jersey.server.impl.model.method.dispatch.AbstractResourceMethodDispatchProvider$ResponseOutInvoker._dispatch(Ljava/lang/Object;Lcom/sun/jersey/api/core/HttpContext;)V+16
j  com.sun.jersey.server.impl.model.method.dispatch.ResourceJavaMethodDispatcher.dispatch(Ljava/lang/Object;Lcom/sun/jersey/api/core/HttpContext;)V+3
j  com.sun.jersey.server.impl.uri.rules.HttpMethodRule.accept(Ljava/lang/CharSequence;Ljava/lang/Object;Lcom/sun/jersey/spi/uri/rules/UriRuleContext;)Z+647
j  com.sun.jersey.server.impl.uri.rules.ResourceClassRule.accept(Ljava/lang/CharSequence;Ljava/lang/Object;Lcom/sun/jersey/spi/uri/rules/UriRuleContext;)Z+137
j  com.sun.jersey.server.impl.uri.rules.RightHandPathRule.accept(Ljava/lang/CharSequence;Ljava/lang/Object;Lcom/sun/jersey/spi/uri/rules/UriRuleContext;)Z+242
j  com.sun.jersey.server.impl.uri.rules.RootResourceClassesRule.accept(Ljava/lang/CharSequence;Ljava/lang/Object;Lcom/sun/jersey/spi/uri/rules/UriRuleContext;)Z+86
j  com.sun.jersey.server.impl.application.WebApplicationImpl._handleRequest(Lcom/sun/jersey/server/impl/application/WebApplicationContext;Lcom/sun/jersey/spi/container/ContainerRequest;)V+100
j  com.sun.jersey.server.impl.application.WebApplicationImpl._handleRequest(Lcom/sun/jersey/server/impl/application/WebApplicationContext;Lcom/sun/jersey/spi/container/ContainerRequest;Lcom/sun/jersey/spi/container/ContainerResponse;)V+19
j  com.sun.jersey.server.impl.application.WebApplicationImpl.handleRequest(Lcom/sun/jersey/spi/container/ContainerRequest;Lcom/sun/jersey/spi/container/ContainerResponse;)V+23
j  com.sun.jersey.server.impl.application.WebApplicationImpl.handleRequest(Lcom/sun/jersey/spi/container/ContainerRequest;Lcom/sun/jersey/spi/container/ContainerResponseWriter;)V+14
j  com.sun.jersey.spi.container.servlet.WebComponent.service(Ljava/net/URI;Ljava/net/URI;Ljavax/servlet/http/HttpServletRequest;Ljavax/servlet/http/HttpServletResponse;)I+76
j  com.sun.jersey.spi.container.servlet.ServletContainer.service(Ljava/net/URI;Ljava/net/URI;Ljavax/servlet/http/HttpServletRequest;Ljavax/servlet/http/HttpServletResponse;)I+9
j  com.sun.jersey.spi.container.servlet.ServletContainer.doFilter(Ljavax/servlet/http/HttpServletRequest;Ljavax/servlet/http/HttpServletResponse;Ljavax/servlet/FilterChain;Ljava/lang/String;Ljava/lang/String;Ljava/lang/String;)V+310
j  com.sun.jersey.spi.container.servlet.ServletContainer.doFilter(Ljavax/servlet/http/HttpServletRequest;Ljavax/servlet/http/HttpServletResponse;Ljavax/servlet/FilterChain;)V+132
j  com.sun.jersey.spi.container.servlet.ServletContainer.doFilter(Ljavax/servlet/ServletRequest;Ljavax/servlet/ServletResponse;Ljavax/servlet/FilterChain;)V+10
j  org.apache.catalina.core.ApplicationFilterChain.internalDoFilter(Ljavax/servlet/ServletRequest;Ljavax/servlet/ServletResponse;)V+135
j  org.apache.catalina.core.ApplicationFilterChain.doFilter(Ljavax/servlet/ServletRequest;Ljavax/servlet/ServletResponse;)V+101
j  org.springframework.boot.actuate.trace.WebRequestTraceFilter.doFilterInternal(Ljavax/servlet/http/HttpServletRequest;Ljavax/servlet/http/HttpServletResponse;Ljavax/servlet/FilterChain;)V+30
j  org.springframework.web.filter.OncePerRequestFilter.doFilter(Ljavax/servlet/ServletRequest;Ljavax/servlet/ServletResponse;Ljavax/servlet/FilterChain;)V+111
j  org.apache.catalina.core.ApplicationFilterChain.internalDoFilter(Ljavax/servlet/ServletRequest;Ljavax/servlet/ServletResponse;)V+135
j  org.apache.catalina.core.ApplicationFilterChain.doFilter(Ljavax/servlet/ServletRequest;Ljavax/servlet/ServletResponse;)V+101
j  org.springframework.web.filter.RequestContextFilter.doFilterInternal(Ljavax/servlet/http/HttpServletRequest;Ljavax/servlet/http/HttpServletResponse;Ljavax/servlet/FilterChain;)V+21
j  org.springframework.web.filter.OncePerRequestFilter.doFilter(Ljavax/servlet/ServletRequest;Ljavax/servlet/ServletResponse;Ljavax/servlet/FilterChain;)V+111
j  org.apache.catalina.core.ApplicationFilterChain.internalDoFilter(Ljavax/servlet/ServletRequest;Ljavax/servlet/ServletResponse;)V+135
j  org.apache.catalina.core.ApplicationFilterChain.doFilter(Ljavax/servlet/ServletRequest;Ljavax/servlet/ServletResponse;)V+101
j  org.springframework.web.filter.HttpPutFormContentFilter.doFilterInternal(Ljavax/servlet/http/HttpServletRequest;Ljavax/servlet/http/HttpServletResponse;Ljavax/servlet/FilterChain;)V+95
j  org.springframework.web.filter.OncePerRequestFilter.doFilter(Ljavax/servlet/ServletRequest;Ljavax/servlet/ServletResponse;Ljavax/servlet/FilterChain;)V+111
j  org.apache.catalina.core.ApplicationFilterChain.internalDoFilter(Ljavax/servlet/ServletRequest;Ljavax/servlet/ServletResponse;)V+135
j  org.apache.catalina.core.ApplicationFilterChain.doFilter(Ljavax/servlet/ServletRequest;Ljavax/servlet/ServletResponse;)V+101
j  org.springframework.web.filter.HiddenHttpMethodFilter.doFilterInternal(Ljavax/servlet/http/HttpServletRequest;Ljavax/servlet/http/HttpServletResponse;Ljavax/servlet/FilterChain;)V+64
j  org.springframework.web.filter.OncePerRequestFilter.doFilter(Ljavax/servlet/ServletRequest;Ljavax/servlet/ServletResponse;Ljavax/servlet/FilterChain;)V+111
j  org.apache.catalina.core.ApplicationFilterChain.internalDoFilter(Ljavax/servlet/ServletRequest;Ljavax/servlet/ServletResponse;)V+135
j  org.apache.catalina.core.ApplicationFilterChain.doFilter(Ljavax/servlet/ServletRequest;Ljavax/servlet/ServletResponse;)V+101
j  org.springframework.web.filter.CharacterEncodingFilter.doFilterInternal(Ljavax/servlet/http/HttpServletRequest;Ljavax/servlet/http/HttpServletResponse;Ljavax/servlet/FilterChain;)V+53
j  org.springframework.web.filter.OncePerRequestFilter.doFilter(Ljavax/servlet/ServletRequest;Ljavax/servlet/ServletResponse;Ljavax/servlet/FilterChain;)V+111
j  org.apache.catalina.core.ApplicationFilterChain.internalDoFilter(Ljavax/servlet/ServletRequest;Ljavax/servlet/ServletResponse;)V+135
j  org.apache.catalina.core.ApplicationFilterChain.doFilter(Ljavax/servlet/ServletRequest;Ljavax/servlet/ServletResponse;)V+101
j  org.springframework.boot.actuate.autoconfigure.MetricsFilter.doFilterInternal(Ljavax/servlet/http/HttpServletRequest;Ljavax/servlet/http/HttpServletResponse;Ljavax/servlet/FilterChain;)V+31
j  org.springframework.web.filter.OncePerRequestFilter.doFilter(Ljavax/servlet/ServletRequest;Ljavax/servlet/ServletResponse;Ljavax/servlet/FilterChain;)V+111
j  org.apache.catalina.core.ApplicationFilterChain.internalDoFilter(Ljavax/servlet/ServletRequest;Ljavax/servlet/ServletResponse;)V+135
j  org.apache.catalina.core.ApplicationFilterChain.doFilter(Ljavax/servlet/ServletRequest;Ljavax/servlet/ServletResponse;)V+101
j  org.apache.catalina.core.StandardWrapperValve.invoke(Lorg/apache/catalina/connector/Request;Lorg/apache/catalina/connector/Response;)V+688
j  org.apache.catalina.core.StandardContextValve.invoke(Lorg/apache/catalina/connector/Request;Lorg/apache/catalina/connector/Response;)V+166
j  org.apache.catalina.authenticator.AuthenticatorBase.invoke(Lorg/apache/catalina/connector/Request;Lorg/apache/catalina/connector/Response;)V+272
j  org.apache.catalina.core.StandardHostValve.invoke(Lorg/apache/catalina/connector/Request;Lorg/apache/catalina/connector/Response;)V+138
j  org.apache.catalina.valves.ErrorReportValve.invoke(Lorg/apache/catalina/connector/Request;Lorg/apache/catalina/connector/Response;)V+6
j  org.apache.catalina.core.StandardEngineValve.invoke(Lorg/apache/catalina/connector/Request;Lorg/apache/catalina/connector/Response;)V+71
j  org.apache.catalina.connector.CoyoteAdapter.service(Lorg/apache/coyote/Request;Lorg/apache/coyote/Response;)V+199
j  org.apache.coyote.http11.Http11Processor.service(Lorg/apache/tomcat/util/net/SocketWrapperBase;)Lorg/apache/tomcat/util/net/AbstractEndpoint$Handler$SocketState;+806
j  org.apache.coyote.AbstractProcessorLight.process(Lorg/apache/tomcat/util/net/SocketWrapperBase;Lorg/apache/tomcat/util/net/SocketEvent;)Lorg/apache/tomcat/util/net/AbstractEndpoint$Handler$SocketState;+113
j  org.apache.coyote.AbstractProtocol$ConnectionHandler.process(Lorg/apache/tomcat/util/net/SocketWrapperBase;Lorg/apache/tomcat/util/net/SocketEvent;)Lorg/apache/tomcat/util/net/AbstractEndpoint$Handler$SocketState;+378
j  org.apache.tomcat.util.net.NioEndpoint$SocketProcessor.doRun()V+191
j  org.apache.tomcat.util.net.SocketProcessorBase.run()V+21
j  java.util.concurrent.ThreadPoolExecutor.runWorker(Ljava/util/concurrent/ThreadPoolExecutor$Worker;)V+95
j  java.util.concurrent.ThreadPoolExecutor$Worker.run()V+5
j  org.apache.tomcat.util.threads.TaskThread$WrappingRunnable.run()V+4
j  java.lang.Thread.run()V+11
v  ~StubRoutines::call_stub

---------------  P R O C E S S  ---------------

Java Threads: ( => current thread )
  0x000000001d7fe000 JavaThread "DestroyJavaVM" [_thread_blocked, id=1380, stack(0x0000000002dd0000,0x0000000002ed0000)]
  0x000000001d800800 JavaThread "http-nio-7002-AsyncTimeout" daemon [_thread_blocked, id=6376, stack(0x00000000231c0000,0x00000000232c0000)]
  0x000000001d7fc800 JavaThread "http-nio-7002-Acceptor-0" daemon [_thread_in_native, id=3880, stack(0x00000000230c0000,0x00000000231c0000)]
  0x000000001d7fd800 JavaThread "http-nio-7002-ClientPoller-1" daemon [_thread_in_native, id=3856, stack(0x0000000022fc0000,0x00000000230c0000)]
  0x000000001d7ff800 JavaThread "http-nio-7002-ClientPoller-0" daemon [_thread_in_native, id=3216, stack(0x0000000022ec0000,0x0000000022fc0000)]
  0x000000001d7ff000 JavaThread "http-nio-7002-exec-10" daemon [_thread_blocked, id=3912, stack(0x0000000022dc0000,0x0000000022ec0000)]
  0x000000001d7f9000 JavaThread "http-nio-7002-exec-9" daemon [_thread_blocked, id=4168, stack(0x0000000022cc0000,0x0000000022dc0000)]
  0x000000001d7fc000 JavaThread "http-nio-7002-exec-8" daemon [_thread_blocked, id=4940, stack(0x0000000022bc0000,0x0000000022cc0000)]
  0x000000001d7f8000 JavaThread "http-nio-7002-exec-7" daemon [_thread_blocked, id=9200, stack(0x0000000022ac0000,0x0000000022bc0000)]
  0x000000001d7fb000 JavaThread "http-nio-7002-exec-6" daemon [_thread_blocked, id=13160, stack(0x00000000229c0000,0x0000000022ac0000)]
  0x000000001d7f7800 JavaThread "http-nio-7002-exec-5" daemon [_thread_blocked, id=7052, stack(0x00000000228c0000,0x00000000229c0000)]
  0x000000001d7fa800 JavaThread "http-nio-7002-exec-4" daemon [_thread_blocked, id=4220, stack(0x00000000227c0000,0x00000000228c0000)]
  0x000000001d7f9800 JavaThread "http-nio-7002-exec-3" daemon [_thread_blocked, id=4384, stack(0x00000000226c0000,0x00000000227c0000)]
=>0x000000001d7f3800 JavaThread "http-nio-7002-exec-2" daemon [_thread_in_vm, id=11656, stack(0x00000000225c0000,0x00000000226c0000)]
  0x000000001d7f6800 JavaThread "http-nio-7002-exec-1" daemon [_thread_blocked, id=7732, stack(0x00000000224c0000,0x00000000225c0000)]
  0x000000001d7f6000 JavaThread "NioBlockingSelector.BlockPoller-1" daemon [_thread_in_native, id=12116, stack(0x00000000223c0000,0x00000000224c0000)]
  0x000000001d7f2000 JavaThread "Eureka-CacheFillTimer" daemon [_thread_blocked, id=3788, stack(0x00000000221c0000,0x00000000222c0000)]
  0x000000001d7f5000 JavaThread "Eureka-PeerNodesUpdater" daemon [_thread_blocked, id=3208, stack(0x00000000220c0000,0x00000000221c0000)]
  0x000000001d7f3000 JavaThread "TaskNonBatchingWorker-eureka7001.com-0" daemon [_thread_blocked, id=8940, stack(0x0000000021fc0000,0x00000000220c0000)]
  0x000000001d7f4800 JavaThread "TaskAcceptor-eureka7001.com" daemon [_thread_blocked, id=6516, stack(0x0000000021ec0000,0x0000000021fc0000)]
  0x000000001d7d5000 JavaThread "TaskBatchingWorker-target_eureka7001.com-19" daemon [_thread_blocked, id=13024, stack(0x0000000021dc0000,0x0000000021ec0000)]
  0x000000001d7d3800 JavaThread "TaskBatchingWorker-target_eureka7001.com-18" daemon [_thread_blocked, id=4028, stack(0x0000000021cc0000,0x0000000021dc0000)]
  0x000000001d7d4000 JavaThread "TaskBatchingWorker-target_eureka7001.com-17" daemon [_thread_blocked, id=9592, stack(0x0000000021bc0000,0x0000000021cc0000)]
  0x000000001d7cf800 JavaThread "TaskBatchingWorker-target_eureka7001.com-16" daemon [_thread_blocked, id=12464, stack(0x0000000021ac0000,0x0000000021bc0000)]
  0x000000001d7d2800 JavaThread "TaskBatchingWorker-target_eureka7001.com-15" daemon [_thread_blocked, id=5304, stack(0x00000000219c0000,0x0000000021ac0000)]
  0x000000001d7cf000 JavaThread "TaskBatchingWorker-target_eureka7001.com-14" daemon [_thread_blocked, id=11208, stack(0x00000000218c0000,0x00000000219c0000)]
  0x000000001d7d1000 JavaThread "TaskBatchingWorker-target_eureka7001.com-13" daemon [_thread_blocked, id=12192, stack(0x00000000217c0000,0x00000000218c0000)]
  0x000000001d7d2000 JavaThread "TaskBatchingWorker-target_eureka7001.com-12" daemon [_thread_blocked, id=10560, stack(0x00000000216c0000,0x00000000217c0000)]
  0x000000001d7d0800 JavaThread "TaskBatchingWorker-target_eureka7001.com-11" daemon [_thread_blocked, id=10456, stack(0x00000000215c0000,0x00000000216c0000)]
  0x000000001d7cc000 JavaThread "TaskBatchingWorker-target_eureka7001.com-10" daemon [_thread_blocked, id=6980, stack(0x00000000214c0000,0x00000000215c0000)]
  0x000000001d7ce000 JavaThread "TaskBatchingWorker-target_eureka7001.com-9" daemon [_thread_blocked, id=2976, stack(0x00000000213c0000,0x00000000214c0000)]
  0x000000001d7cd800 JavaThread "TaskBatchingWorker-target_eureka7001.com-8" daemon [_thread_blocked, id=12544, stack(0x00000000212c0000,0x00000000213c0000)]
  0x000000001d7cc800 JavaThread "TaskBatchingWorker-target_eureka7001.com-7" daemon [_thread_blocked, id=6880, stack(0x00000000211c0000,0x00000000212c0000)]
  0x000000001d7cb000 JavaThread "TaskBatchingWorker-target_eureka7001.com-6" daemon [_thread_blocked, id=9436, stack(0x00000000210c0000,0x00000000211c0000)]
  0x000000001d7ca800 JavaThread "TaskBatchingWorker-target_eureka7001.com-5" daemon [_thread_blocked, id=6972, stack(0x0000000020fc0000,0x00000000210c0000)]
  0x000000001d7c6800 JavaThread "TaskBatchingWorker-target_eureka7001.com-4" daemon [_thread_blocked, id=10704, stack(0x0000000020ec0000,0x0000000020fc0000)]
  0x000000001d7c9800 JavaThread "TaskBatchingWorker-target_eureka7001.com-3" daemon [_thread_blocked, id=4908, stack(0x0000000020dc0000,0x0000000020ec0000)]
  0x000000001d7c7800 JavaThread "TaskBatchingWorker-target_eureka7001.com-2" daemon [_thread_blocked, id=11880, stack(0x0000000020cc0000,0x0000000020dc0000)]
  0x000000001d7c8000 JavaThread "TaskBatchingWorker-target_eureka7001.com-1" daemon [_thread_blocked, id=11324, stack(0x0000000020bc0000,0x0000000020cc0000)]
  0x000000001d7c9000 JavaThread "TaskBatchingWorker-target_eureka7001.com-0" daemon [_thread_blocked, id=6716, stack(0x0000000020ac0000,0x0000000020bc0000)]
  0x000000001d7c6000 JavaThread "TaskAcceptor-target_eureka7001.com" daemon [_thread_blocked, id=11316, stack(0x00000000209c0000,0x0000000020ac0000)]
  0x000000001d7a0000 JavaThread "Eureka-JerseyClient-Conn-Cleaner2" daemon [_thread_blocked, id=8204, stack(0x00000000208c0000,0x00000000209c0000)]
  0x000000001d79e800 JavaThread "TaskNonBatchingWorker-eureka7003.com-0" daemon [_thread_blocked, id=8476, stack(0x00000000207c0000,0x00000000208c0000)]
  0x000000001d79f000 JavaThread "TaskAcceptor-eureka7003.com" daemon [_thread_blocked, id=9808, stack(0x00000000206c0000,0x00000000207c0000)]
  0x000000001d79d000 JavaThread "TaskBatchingWorker-target_eureka7003.com-19" daemon [_thread_blocked, id=7196, stack(0x00000000205c0000,0x00000000206c0000)]
  0x000000001d79b800 JavaThread "TaskBatchingWorker-target_eureka7003.com-18" daemon [_thread_blocked, id=3268, stack(0x00000000204c0000,0x00000000205c0000)]
  0x000000001d79c000 JavaThread "TaskBatchingWorker-target_eureka7003.com-17" daemon [_thread_blocked, id=2768, stack(0x00000000203c0000,0x00000000204c0000)]
  0x000000001d79d800 JavaThread "TaskBatchingWorker-target_eureka7003.com-16" daemon [_thread_blocked, id=13016, stack(0x00000000202c0000,0x00000000203c0000)]
  0x000000001d797800 JavaThread "TaskBatchingWorker-target_eureka7003.com-15" daemon [_thread_blocked, id=8264, stack(0x00000000201c0000,0x00000000202c0000)]
  0x000000001d79a800 JavaThread "TaskBatchingWorker-target_eureka7003.com-14" daemon [_thread_blocked, id=12076, stack(0x00000000200c0000,0x00000000201c0000)]
  0x000000001d79a000 JavaThread "TaskBatchingWorker-target_eureka7003.com-13" daemon [_thread_blocked, id=6920, stack(0x000000001ffc0000,0x00000000200c0000)]
  0x000000001d796000 JavaThread "TaskBatchingWorker-target_eureka7003.com-12" daemon [_thread_blocked, id=7008, stack(0x000000001fec0000,0x000000001ffc0000)]
  0x000000001d797000 JavaThread "TaskBatchingWorker-target_eureka7003.com-11" daemon [_thread_blocked, id=1880, stack(0x000000001fdc0000,0x000000001fec0000)]
  0x000000001d799000 JavaThread "TaskBatchingWorker-target_eureka7003.com-10" daemon [_thread_blocked, id=9388, stack(0x000000001fcc0000,0x000000001fdc0000)]
  0x000000001d798800 JavaThread "TaskBatchingWorker-target_eureka7003.com-9" daemon [_thread_blocked, id=4192, stack(0x000000001fbc0000,0x000000001fcc0000)]
  0x000000001d792800 JavaThread "TaskBatchingWorker-target_eureka7003.com-8" daemon [_thread_blocked, id=10932, stack(0x000000001fac0000,0x000000001fbc0000)]
  0x000000001d795800 JavaThread "TaskBatchingWorker-target_eureka7003.com-7" daemon [_thread_blocked, id=3524, stack(0x000000001f9c0000,0x000000001fac0000)]
  0x000000001d793000 JavaThread "TaskBatchingWorker-target_eureka7003.com-6" daemon [_thread_blocked, id=4092, stack(0x000000001f8c0000,0x000000001f9c0000)]
  0x000000001d791800 JavaThread "TaskBatchingWorker-target_eureka7003.com-5" daemon [_thread_blocked, id=2216, stack(0x000000001f7c0000,0x000000001f8c0000)]
  0x000000001d794000 JavaThread "TaskBatchingWorker-target_eureka7003.com-4" daemon [_thread_blocked, id=12024, stack(0x000000001f6c0000,0x000000001f7c0000)]
  0x000000001d794800 JavaThread "TaskBatchingWorker-target_eureka7003.com-3" daemon [_thread_blocked, id=3436, stack(0x000000001f5c0000,0x000000001f6c0000)]
  0x000000001d791000 JavaThread "TaskBatchingWorker-target_eureka7003.com-2" daemon [_thread_blocked, id=8956, stack(0x000000001f4c0000,0x000000001f5c0000)]
  0x000000001d6c3800 JavaThread "TaskBatchingWorker-target_eureka7003.com-1" daemon [_thread_blocked, id=12724, stack(0x000000001f3c0000,0x000000001f4c0000)]
  0x000000001d6c2800 JavaThread "TaskBatchingWorker-target_eureka7003.com-0" daemon [_thread_blocked, id=7972, stack(0x000000001f2c0000,0x000000001f3c0000)]
  0x000000001d6c4000 JavaThread "StatsMonitor-0" daemon [_thread_blocked, id=2500, stack(0x000000001f1c0000,0x000000001f2c0000)]
  0x000000001d6c2000 JavaThread "TaskAcceptor-target_eureka7003.com" daemon [_thread_blocked, id=5524, stack(0x000000001f0c0000,0x000000001f1c0000)]
  0x000000001d6be000 JavaThread "Eureka-JerseyClient-Conn-Cleaner2" daemon [_thread_blocked, id=9868, stack(0x000000001efc0000,0x000000001f0c0000)]
  0x000000001d6c1000 JavaThread "Eureka-MeasureRateTimer" daemon [_thread_blocked, id=12468, stack(0x000000001ecc0000,0x000000001edc0000)]
  0x000000001d6bd800 JavaThread "ReplicaAwareInstanceRegistry - RenewalThresholdUpdater" daemon [_thread_blocked, id=6948, stack(0x000000001ebc0000,0x000000001ecc0000)]
  0x000000001d6bf800 JavaThread "Eureka-MeasureRateTimer" daemon [_thread_blocked, id=11092, stack(0x000000001eac0000,0x000000001ebc0000)]
  0x000000001d6bf000 JavaThread "Eureka-EvictionTimer" daemon [_thread_blocked, id=11052, stack(0x000000001e8c0000,0x000000001e9c0000)]
  0x000000001d6c0800 JavaThread "Eureka-DeltaRetentionTimer" daemon [_thread_blocked, id=3656, stack(0x000000001e7c0000,0x000000001e8c0000)]
  0x000000001d645800 JavaThread "File Watcher" daemon [_thread_blocked, id=3756, stack(0x000000001e6c0000,0x000000001e7c0000)]
  0x000000001ac64800 JavaThread "spring.cloud.inetutils" daemon [_thread_blocked, id=10064, stack(0x000000001d1f0000,0x000000001d2f0000)]
  0x000000001ace1800 JavaThread "container-0" [_thread_blocked, id=4332, stack(0x000000001d0f0000,0x000000001d1f0000)]
  0x000000001acb0800 JavaThread "ContainerBackgroundProcessor[StandardEngine[Tomcat]]" daemon [_thread_blocked, id=6524, stack(0x000000001cff0000,0x000000001d0f0000)]
  0x0000000019d1a000 JavaThread "RMI TCP Accept-0" daemon [_thread_in_native, id=3348, stack(0x000000001a3c0000,0x000000001a4c0000)]
  0x0000000019c74000 JavaThread "RMI TCP Accept-12775" daemon [_thread_in_native, id=4048, stack(0x000000001a2c0000,0x000000001a3c0000)]
  0x0000000019ccf000 JavaThread "RMI TCP Accept-0" daemon [_thread_in_native, id=9136, stack(0x000000001a1c0000,0x000000001a2c0000)]
  0x0000000019011000 JavaThread "Service Thread" daemon [_thread_blocked, id=11036, stack(0x0000000019880000,0x0000000019980000)]
  0x0000000017c58800 JavaThread "C1 CompilerThread2" daemon [_thread_blocked, id=1548, stack(0x0000000019780000,0x0000000019880000)]
  0x0000000017c49800 JavaThread "C2 CompilerThread1" daemon [_thread_blocked, id=6760, stack(0x0000000019680000,0x0000000019780000)]
  0x0000000017c47800 JavaThread "C2 CompilerThread0" daemon [_thread_blocked, id=9080, stack(0x0000000019580000,0x0000000019680000)]
  0x0000000017c46000 JavaThread "Attach Listener" daemon [_thread_blocked, id=12748, stack(0x0000000019480000,0x0000000019580000)]
  0x0000000017c45000 JavaThread "Signal Dispatcher" daemon [_thread_blocked, id=11048, stack(0x0000000019380000,0x0000000019480000)]
  0x00000000030ae800 JavaThread "Finalizer" daemon [_thread_blocked, id=4044, stack(0x0000000018e80000,0x0000000018f80000)]
  0x0000000017be8800 JavaThread "Reference Handler" daemon [_thread_blocked, id=3892, stack(0x0000000018d80000,0x0000000018e80000)]

Other Threads:
  0x0000000017be7000 VMThread [stack: 0x0000000018c80000,0x0000000018d80000] [id=4744]
  0x0000000019d15000 WatcherThread [stack: 0x000000001a4c0000,0x000000001a5c0000] [id=11104]

VM state:not at safepoint (normal execution)

VM Mutex/Monitor currently owned by a thread: None

Heap:
 PSYoungGen      total 311808K, used 233828K [0x00000000d5c00000, 0x00000000efa80000, 0x0000000100000000)
  eden space 296448K, 73% used [0x00000000d5c00000,0x00000000e315c8d8,0x00000000e7d80000)
  from space 15360K, 99% used [0x00000000e7d80000,0x00000000e8c7ca70,0x00000000e8c80000)
  to   space 17408K, 0% used [0x00000000ee980000,0x00000000ee980000,0x00000000efa80000)
 ParOldGen       total 98304K, used 27750K [0x0000000081400000, 0x0000000087400000, 0x00000000d5c00000)
  object space 98304K, 28% used [0x0000000081400000,0x0000000082f198a0,0x0000000087400000)
 Metaspace       used 43648K, capacity 44372K, committed 44416K, reserved 1087488K
  class space    used 5826K, capacity 5978K, committed 6016K, reserved 1048576K

Card table byte_map: [0x0000000012470000,0x0000000012870000] byte_map_base: 0x0000000012066000

Marking Bits: (ParMarkBitMap*) 0x000000005dfba6c0
 Begin Bits: [0x0000000012f20000, 0x0000000014ed0000)
 End Bits:   [0x0000000014ed0000, 0x0000000016e80000)

Polling page: 0x0000000001160000

CodeCache: size=245760Kb used=9536Kb max_used=9536Kb free=236223Kb
 bounds [0x00000000030b0000, 0x0000000003a10000, 0x00000000120b0000]
 total_blobs=5136 nmethods=4659 adapters=389
 compilation: enabled

Compilation events (10 events):
Event: 47.371 Thread 0x0000000017c58800 4760       1       java.lang.Thread::getName (5 bytes)
Event: 47.371 Thread 0x0000000017c58800 nmethod 4760 0x0000000003609650 code [0x00000000036097a0, 0x00000000036098b0]
Event: 47.377 Thread 0x0000000017c58800 4763       1       com.fasterxml.jackson.databind.util.TypeKey::hashCode (5 bytes)
Event: 47.377 Thread 0x0000000017c58800 nmethod 4763 0x0000000003609390 code [0x00000000036094e0, 0x00000000036095f0]
Event: 47.378 Thread 0x0000000017c58800 4764       1       com.fasterxml.jackson.databind.type.ClassKey::hashCode (5 bytes)
Event: 47.379 Thread 0x0000000017c58800 nmethod 4764 0x00000000036090d0 code [0x0000000003609220, 0x0000000003609330]
Event: 47.380 Thread 0x0000000017c58800 4765       1       sun.reflect.ClassFileAssembler::opc_sipush (16 bytes)
Event: 47.380 Thread 0x0000000017c58800 nmethod 4765 0x0000000003608a50 code [0x0000000003608be0, 0x0000000003608e68]
Event: 47.380 Thread 0x0000000017c58800 4766       1       com.fasterxml.jackson.databind.type.TypeFactory::_fromAny (284 bytes)
Event: 47.381 Thread 0x0000000017c58800 nmethod 4766 0x0000000003a018d0 code [0x0000000003a01be0, 0x0000000003a02c78]

GC Heap History (10 events):
Event: 4.687 GC heap before
{Heap before GC invocations=9 (full 1):
 PSYoungGen      total 141824K, used 137552K [0x00000000d5c00000, 0x00000000e4600000, 0x0000000100000000)
  eden space 133120K, 100% used [0x00000000d5c00000,0x00000000dde00000,0x00000000dde00000)
  from space 8704K, 50% used [0x00000000dde00000,0x00000000de2542d0,0x00000000de680000)
  to   space 8704K, 0% used [0x00000000e3d80000,0x00000000e3d80000,0x00000000e4600000)
 ParOldGen       total 53248K, used 6553K [0x0000000081400000, 0x0000000084800000, 0x00000000d5c00000)
  object space 53248K, 12% used [0x0000000081400000,0x0000000081a667e8,0x0000000084800000)
 Metaspace       used 24912K, capacity 25378K, committed 25728K, reserved 1071104K
  class space    used 3241K, capacity 3398K, committed 3456K, reserved 1048576K
Event: 4.702 GC heap after
Heap after GC invocations=9 (full 1):
 PSYoungGen      total 225280K, used 8167K [0x00000000d5c00000, 0x00000000e4580000, 0x0000000100000000)
  eden space 217088K, 0% used [0x00000000d5c00000,0x00000000d5c00000,0x00000000e3000000)
  from space 8192K, 99% used [0x00000000e3d80000,0x00000000e4579ff0,0x00000000e4580000)
  to   space 9216K, 0% used [0x00000000e3380000,0x00000000e3380000,0x00000000e3c80000)
 ParOldGen       total 53248K, used 6561K [0x0000000081400000, 0x0000000084800000, 0x00000000d5c00000)
  object space 53248K, 12% used [0x0000000081400000,0x0000000081a687e8,0x0000000084800000)
 Metaspace       used 24912K, capacity 25378K, committed 25728K, reserved 1071104K
  class space    used 3241K, capacity 3398K, committed 3456K, reserved 1048576K
}
Event: 6.775 GC heap before
{Heap before GC invocations=10 (full 1):
 PSYoungGen      total 225280K, used 225255K [0x00000000d5c00000, 0x00000000e4580000, 0x0000000100000000)
  eden space 217088K, 100% used [0x00000000d5c00000,0x00000000e3000000,0x00000000e3000000)
  from space 8192K, 99% used [0x00000000e3d80000,0x00000000e4579ff0,0x00000000e4580000)
  to   space 9216K, 0% used [0x00000000e3380000,0x00000000e3380000,0x00000000e3c80000)
 ParOldGen       total 53248K, used 6561K [0x0000000081400000, 0x0000000084800000, 0x00000000d5c00000)
  object space 53248K, 12% used [0x0000000081400000,0x0000000081a687e8,0x0000000084800000)
 Metaspace       used 31568K, capacity 31980K, committed 32256K, reserved 1077248K
  class space    used 4134K, capacity 4244K, committed 4352K, reserved 1048576K
Event: 6.810 GC heap after
Heap after GC invocations=10 (full 1):
 PSYoungGen      total 229888K, used 9197K [0x00000000d5c00000, 0x00000000e9c00000, 0x0000000100000000)
  eden space 220672K, 0% used [0x00000000d5c00000,0x00000000d5c00000,0x00000000e3380000)
  from space 9216K, 99% used [0x00000000e3380000,0x00000000e3c7b618,0x00000000e3c80000)
  to   space 15872K, 0% used [0x00000000e8c80000,0x00000000e8c80000,0x00000000e9c00000)
 ParOldGen       total 53248K, used 21021K [0x0000000081400000, 0x0000000084800000, 0x00000000d5c00000)
  object space 53248K, 39% used [0x0000000081400000,0x00000000828877b8,0x0000000084800000)
 Metaspace       used 31568K, capacity 31980K, committed 32256K, reserved 1077248K
  class space    used 4134K, capacity 4244K, committed 4352K, reserved 1048576K
}
Event: 7.913 GC heap before
{Heap before GC invocations=11 (full 1):
 PSYoungGen      total 229888K, used 86105K [0x00000000d5c00000, 0x00000000e9c00000, 0x0000000100000000)
  eden space 220672K, 34% used [0x00000000d5c00000,0x00000000da71aec8,0x00000000e3380000)
  from space 9216K, 99% used [0x00000000e3380000,0x00000000e3c7b618,0x00000000e3c80000)
  to   space 15872K, 0% used [0x00000000e8c80000,0x00000000e8c80000,0x00000000e9c00000)
 ParOldGen       total 53248K, used 21021K [0x0000000081400000, 0x0000000084800000, 0x00000000d5c00000)
  object space 53248K, 39% used [0x0000000081400000,0x00000000828877b8,0x0000000084800000)
 Metaspace       used 34782K, capacity 35246K, committed 35416K, reserved 1079296K
  class space    used 4675K, capacity 4815K, committed 4864K, reserved 1048576K
Event: 7.929 GC heap after
Heap after GC invocations=11 (full 1):
 PSYoungGen      total 311808K, used 8696K [0x00000000d5c00000, 0x00000000e9b80000, 0x0000000100000000)
  eden space 296448K, 0% used [0x00000000d5c00000,0x00000000d5c00000,0x00000000e7d80000)
  from space 15360K, 56% used [0x00000000e8c80000,0x00000000e94fe290,0x00000000e9b80000)
  to   space 15360K, 0% used [0x00000000e7d80000,0x00000000e7d80000,0x00000000e8c80000)
 ParOldGen       total 53248K, used 25397K [0x0000000081400000, 0x0000000084800000, 0x00000000d5c00000)
  object space 53248K, 47% used [0x0000000081400000,0x0000000082ccd4e8,0x0000000084800000)
 Metaspace       used 34782K, capacity 35246K, committed 35416K, reserved 1079296K
  class space    used 4675K, capacity 4815K, committed 4864K, reserved 1048576K
}
Event: 7.929 GC heap before
{Heap before GC invocations=12 (full 2):
 PSYoungGen      total 311808K, used 8696K [0x00000000d5c00000, 0x00000000e9b80000, 0x0000000100000000)
  eden space 296448K, 0% used [0x00000000d5c00000,0x00000000d5c00000,0x00000000e7d80000)
  from space 15360K, 56% used [0x00000000e8c80000,0x00000000e94fe290,0x00000000e9b80000)
  to   space 15360K, 0% used [0x00000000e7d80000,0x00000000e7d80000,0x00000000e8c80000)
 ParOldGen       total 53248K, used 25397K [0x0000000081400000, 0x0000000084800000, 0x00000000d5c00000)
  object space 53248K, 47% used [0x0000000081400000,0x0000000082ccd4e8,0x0000000084800000)
 Metaspace       used 34782K, capacity 35246K, committed 35416K, reserved 1079296K
  class space    used 4675K, capacity 4815K, committed 4864K, reserved 1048576K
Event: 8.025 GC heap after
Heap after GC invocations=12 (full 2):
 PSYoungGen      total 311808K, used 0K [0x00000000d5c00000, 0x00000000e9b80000, 0x0000000100000000)
  eden space 296448K, 0% used [0x00000000d5c00000,0x00000000d5c00000,0x00000000e7d80000)
  from space 15360K, 0% used [0x00000000e8c80000,0x00000000e8c80000,0x00000000e9b80000)
  to   space 15360K, 0% used [0x00000000e7d80000,0x00000000e7d80000,0x00000000e8c80000)
 ParOldGen       total 98304K, used 27451K [0x0000000081400000, 0x0000000087400000, 0x00000000d5c00000)
  object space 98304K, 27% used [0x0000000081400000,0x0000000082eced68,0x0000000087400000)
 Metaspace       used 34782K, capacity 35246K, committed 35416K, reserved 1079296K
  class space    used 4675K, capacity 4815K, committed 4864K, reserved 1048576K
}
Event: 9.730 GC heap before
{Heap before GC invocations=13 (full 2):
 PSYoungGen      total 311808K, used 296448K [0x00000000d5c00000, 0x00000000e9b80000, 0x0000000100000000)
  eden space 296448K, 100% used [0x00000000d5c00000,0x00000000e7d80000,0x00000000e7d80000)
  from space 15360K, 0% used [0x00000000e8c80000,0x00000000e8c80000,0x00000000e9b80000)
  to   space 15360K, 0% used [0x00000000e7d80000,0x00000000e7d80000,0x00000000e8c80000)
 ParOldGen       total 98304K, used 27451K [0x0000000081400000, 0x0000000087400000, 0x00000000d5c00000)
  object space 98304K, 27% used [0x0000000081400000,0x0000000082eced68,0x0000000087400000)
 Metaspace       used 40453K, capacity 41060K, committed 41216K, reserved 1085440K
  class space    used 5435K, capacity 5590K, committed 5632K, reserved 1048576K
Event: 9.747 GC heap after
Heap after GC invocations=13 (full 2):
 PSYoungGen      total 311808K, used 15346K [0x00000000d5c00000, 0x00000000efa80000, 0x0000000100000000)
  eden space 296448K, 0% used [0x00000000d5c00000,0x00000000d5c00000,0x00000000e7d80000)
  from space 15360K, 99% used [0x00000000e7d80000,0x00000000e8c7ca70,0x00000000e8c80000)
  to   space 17408K, 0% used [0x00000000ee980000,0x00000000ee980000,0x00000000efa80000)
 ParOldGen       total 98304K, used 27750K [0x0000000081400000, 0x0000000087400000, 0x00000000d5c00000)
  object space 98304K, 28% used [0x0000000081400000,0x0000000082f198a0,0x0000000087400000)
 Metaspace       used 40453K, capacity 41060K, committed 41216K, reserved 1085440K
  class space    used 5435K, capacity 5590K, committed 5632K, reserved 1048576K
}

Deoptimization events (0 events):
No events

Internal exceptions (10 events):
Event: 29.383 Thread 0x000000001d7f6800 Exception <a 'java/lang/ArrayIndexOutOfBoundsException'> (0x00000000e24ec448) thrown at [C:\re\workspace\8-2-build-windows-amd64-cygwin\jdk8u111\7883\hotspot\src\share\vm\runtime\sharedRuntime.cpp, line 605]
Event: 29.398 Thread 0x000000001d7f6800 Exception <a 'java/lang/ArrayIndexOutOfBoundsException'> (0x00000000e26e9b60) thrown at [C:\re\workspace\8-2-build-windows-amd64-cygwin\jdk8u111\7883\hotspot\src\share\vm\runtime\sharedRuntime.cpp, line 605]
Event: 29.399 Thread 0x000000001d7f6800 Exception <a 'java/lang/ArrayIndexOutOfBoundsException'> (0x00000000e26ef238) thrown at [C:\re\workspace\8-2-build-windows-amd64-cygwin\jdk8u111\7883\hotspot\src\share\vm\runtime\sharedRuntime.cpp, line 605]
Event: 29.401 Thread 0x000000001d7f6800 Exception <a 'java/lang/ArrayIndexOutOfBoundsException'> (0x00000000e2749248) thrown at [C:\re\workspace\8-2-build-windows-amd64-cygwin\jdk8u111\7883\hotspot\src\share\vm\runtime\sharedRuntime.cpp, line 605]
Event: 29.412 Thread 0x000000001d7f6800 Exception <a 'java/lang/ArrayIndexOutOfBoundsException'> (0x00000000e283fb40) thrown at [C:\re\workspace\8-2-build-windows-amd64-cygwin\jdk8u111\7883\hotspot\src\share\vm\runtime\sharedRuntime.cpp, line 605]
Event: 29.426 Thread 0x000000001d7f6800 Exception <a 'java/lang/ArrayIndexOutOfBoundsException'> (0x00000000e2971088) thrown at [C:\re\workspace\8-2-build-windows-amd64-cygwin\jdk8u111\7883\hotspot\src\share\vm\runtime\sharedRuntime.cpp, line 605]
Event: 29.444 Thread 0x000000001d7f6800 Exception <a 'java/lang/ArrayIndexOutOfBoundsException'> (0x00000000e2ac8480) thrown at [C:\re\workspace\8-2-build-windows-amd64-cygwin\jdk8u111\7883\hotspot\src\share\vm\runtime\sharedRuntime.cpp, line 605]
Event: 29.449 Thread 0x000000001d7f6800 Exception <a 'java/lang/ArrayIndexOutOfBoundsException'> (0x00000000e2b42b68) thrown at [C:\re\workspace\8-2-build-windows-amd64-cygwin\jdk8u111\7883\hotspot\src\share\vm\runtime\sharedRuntime.cpp, line 605]
Event: 47.381 Thread 0x000000001d7f3800 Exception <a 'java/lang/ArrayIndexOutOfBoundsException'> (0x00000000dbc23798) thrown at [C:\re\workspace\8-2-build-windows-amd64-cygwin\jdk8u111\7883\hotspot\src\share\vm\runtime\sharedRuntime.cpp, line 605]
Event: 47.381 Thread 0x000000001d7f3800 Exception <a 'java/lang/ArrayIndexOutOfBoundsException'> (0x00000000dbc251b0) thrown at [C:\re\workspace\8-2-build-windows-amd64-cygwin\jdk8u111\7883\hotspot\src\share\vm\runtime\sharedRuntime.cpp, line 605]

Events (10 events):
Event: 47.379 Executing VM operation: RevokeBias
Event: 47.379 Executing VM operation: RevokeBias done
Event: 47.379 Executing VM operation: RevokeBias
Event: 47.379 Executing VM operation: RevokeBias done
Event: 47.379 Executing VM operation: RevokeBias
Event: 47.379 Executing VM operation: RevokeBias done
Event: 47.380 loading class com/netflix/appinfo/LeaseInfo$1
Event: 47.380 loading class com/netflix/appinfo/LeaseInfo$1 done
Event: 47.381 loading class com/fasterxml/jackson/databind/ser/std/MapSerializer
Event: 47.381 loading class com/fasterxml/jackson/databind/ser/std/MapSerializer done


Dynamic libraries:
0x00007ff7b6d70000 - 0x00007ff7b6da7000 	D:\Develop\Java\jre\bin\javaw.exe
0x00007ffe26b90000 - 0x00007ffe26d3a000 	C:\windows\SYSTEM32\ntdll.dll
0x00007ffe248e0000 - 0x00007ffe24a1a000 	C:\windows\system32\KERNEL32.DLL
0x00007ffe24020000 - 0x00007ffe24130000 	C:\windows\system32\KERNELBASE.dll
0x00007ffe22ad0000 - 0x00007ffe22b58000 	C:\windows\system32\apphelp.dll
0x00007ffe1d0a0000 - 0x00007ffe1d0ef000 	C:\windows\AppPatch\AppPatch64\AcGenral.DLL
0x00007ffe26250000 - 0x00007ffe262f7000 	C:\windows\system32\msvcrt.dll
0x00007ffe23be0000 - 0x00007ffe23c0b000 	C:\windows\SYSTEM32\SspiCli.dll
0x00007ffe24a20000 - 0x00007ffe24a71000 	C:\windows\system32\SHLWAPI.dll
0x00007ffe264e0000 - 0x00007ffe26651000 	C:\windows\system32\USER32.dll
0x00007ffe266c0000 - 0x00007ffe26838000 	C:\windows\system32\ole32.dll
0x00007ffe24e30000 - 0x00007ffe26247000 	C:\windows\system32\SHELL32.dll
0x00007ffe234b0000 - 0x00007ffe234cf000 	C:\windows\SYSTEM32\USERENV.dll
0x00007ffe24530000 - 0x00007ffe245d5000 	C:\windows\system32\ADVAPI32.dll
0x00007ffe1b7b0000 - 0x00007ffe1b7cb000 	C:\windows\SYSTEM32\MPR.dll
0x00007ffe26300000 - 0x00007ffe26436000 	C:\windows\system32\RPCRT4.dll
0x00007ffe244d0000 - 0x00007ffe24527000 	C:\windows\SYSTEM32\sechost.dll
0x00007ffe245e0000 - 0x00007ffe247b6000 	C:\windows\SYSTEM32\combase.dll
0x00007ffe268f0000 - 0x00007ffe26a35000 	C:\windows\system32\GDI32.dll
0x00007ffe23f00000 - 0x00007ffe23f14000 	C:\windows\SYSTEM32\profapi.dll
0x00007ffe22500000 - 0x00007ffe2259f000 	C:\windows\SYSTEM32\SHCORE.dll
0x00007ffe24410000 - 0x00007ffe24444000 	C:\windows\system32\IMM32.DLL
0x00007ffe26a50000 - 0x00007ffe26b89000 	C:\windows\system32\MSCTF.dll
0x00007ffe23ec0000 - 0x00007ffe23ef0000 	C:\windows\system32\nvinitx.dll
0x00007ffe23eb0000 - 0x00007ffe23eba000 	C:\windows\SYSTEM32\VERSION.dll
0x0000000061ad0000 - 0x0000000061ad6000 	C:\Program Files\NVIDIA Corporation\CoProcManager\_etoured.dll
0x00007ffe21e20000 - 0x00007ffe21e58000 	C:\Program Files\NVIDIA Corporation\CoProcManager\nvd3d9wrapx.dll
0x00007ffe24c50000 - 0x00007ffe24e24000 	C:\windows\system32\SETUPAPI.dll
0x00007ffe23fd0000 - 0x00007ffe2401a000 	C:\windows\system32\CFGMGR32.dll
0x00007ffe21fe0000 - 0x00007ffe22004000 	C:\Program Files\NVIDIA Corporation\CoProcManager\nvdxgiwrapx.dll
0x00007ffe220d0000 - 0x00007ffe2232a000 	C:\windows\WinSxS\amd64_microsoft.windows.common-controls_6595b64144ccf1df_6.0.9600.17031_none_6242a4b3ecbb55a1\COMCTL32.dll
0x000000005e040000 - 0x000000005e112000 	D:\Develop\Java\jre\bin\msvcr100.dll
0x000000005d7a0000 - 0x000000005e03a000 	D:\Develop\Java\jre\bin\server\jvm.dll
0x00007ffe217f0000 - 0x00007ffe217f9000 	C:\windows\SYSTEM32\WSOCK32.dll
0x00007ffe20e00000 - 0x00007ffe20e1f000 	C:\windows\SYSTEM32\WINMM.dll
0x00007ffe244b0000 - 0x00007ffe244b7000 	C:\windows\system32\PSAPI.DLL
0x00007ffe24450000 - 0x00007ffe244a8000 	C:\windows\system32\WS2_32.dll
0x00007ffe1e630000 - 0x00007ffe1e65a000 	C:\windows\SYSTEM32\WINMMBASE.dll
0x00007ffe24c20000 - 0x00007ffe24c29000 	C:\windows\system32\NSI.dll
0x00007ffe22d30000 - 0x00007ffe22d56000 	C:\windows\SYSTEM32\DEVOBJ.dll
0x000000005eeb0000 - 0x000000005eebf000 	D:\Develop\Java\jre\bin\verify.dll
0x000000005ee80000 - 0x000000005eea9000 	D:\Develop\Java\jre\bin\java.dll
0x000000005ee60000 - 0x000000005ee76000 	D:\Develop\Java\jre\bin\zip.dll
0x000000005ee50000 - 0x000000005ee5d000 	D:\Develop\Java\jre\bin\management.dll
0x000000005ee30000 - 0x000000005ee4a000 	D:\Develop\Java\jre\bin\net.dll
0x00007ffe23700000 - 0x00007ffe23758000 	C:\windows\system32\mswsock.dll
0x000000005d780000 - 0x000000005d791000 	D:\Develop\Java\jre\bin\nio.dll
0x00007ffe1b550000 - 0x00007ffe1b564000 	C:\windows\system32\napinsp.dll
0x00007ffe1b530000 - 0x00007ffe1b549000 	C:\windows\system32\pnrpnsp.dll
0x00007ffe20b00000 - 0x00007ffe20b19000 	C:\windows\system32\NLAapi.dll
0x00007ffe23510000 - 0x00007ffe235b3000 	C:\windows\SYSTEM32\DNSAPI.dll
0x00007ffe1b760000 - 0x00007ffe1b76c000 	C:\windows\System32\winrnr.dll
0x00007ffe1b510000 - 0x00007ffe1b523000 	C:\windows\system32\wshbth.dll
0x00007ffe128f0000 - 0x00007ffe129fd000 	C:\windows\SysWOW64\ierd_tgp_lsp64.dll
0x00007ffe1a760000 - 0x00007ffe1a769000 	C:\Windows\System32\rasadhlp.dll
0x00007ffe1ee10000 - 0x00007ffe1ee39000 	C:\windows\SYSTEM32\IPHLPAPI.DLL
0x00007ffe1edf0000 - 0x00007ffe1edfa000 	C:\windows\SYSTEM32\WINNSI.DLL
0x00007ffe1ea60000 - 0x00007ffe1eac7000 	C:\windows\System32\fwpuclnt.dll
0x00007ffe23760000 - 0x00007ffe2377e000 	C:\windows\SYSTEM32\CRYPTSP.dll
0x00007ffe233a0000 - 0x00007ffe233d5000 	C:\windows\system32\rsaenh.dll
0x00007ffe23a60000 - 0x00007ffe23a86000 	C:\windows\SYSTEM32\bcrypt.dll
0x00007ffe23da0000 - 0x00007ffe23e00000 	C:\windows\system32\bcryptprimitives.dll
0x00007ffe23e00000 - 0x00007ffe23e0a000 	C:\windows\SYSTEM32\CRYPTBASE.dll
0x00007ffe1ea30000 - 0x00007ffe1ea44000 	C:\windows\SYSTEM32\dhcpcsvc6.DLL
0x00007ffe1ea10000 - 0x00007ffe1ea29000 	C:\windows\SYSTEM32\dhcpcsvc.DLL
0x000000005d750000 - 0x000000005d774000 	D:\Develop\Java\jre\bin\sunec.dll

VM Arguments:
jvm_args: -Dcom.sun.management.jmxremote -Dcom.sun.management.jmxremote.port=12775 -Dcom.sun.management.jmxremote.authenticate=false -Dcom.sun.management.jmxremote.ssl=false -Djava.rmi.server.hostname=localhost -Dspring.jmx.enabled=true -Dspring.application.admin.enabled=true -Xverify:none -XX:TieredStopAtLevel=1 -Dfile.encoding=UTF-8 
java_command: com.ygt.springcloud.EurekaServer7002_App
java_class_path (initial): D:\code\eclipseWorkSpace\microservicecloud\microservicecloud-eureka-7002\target\classes;D:\Develop\repository\org\springframework\cloud\spring-cloud-starter-eureka-server\1.3.1.RELEASE\spring-cloud-starter-eureka-server-1.3.1.RELEASE.jar;D:\Develop\repository\org\springframework\cloud\spring-cloud-starter\1.2.2.RELEASE\spring-cloud-starter-1.2.2.RELEASE.jar;D:\Develop\repository\org\springframework\boot\spring-boot-starter\1.5.9.RELEASE\spring-boot-starter-1.5.9.RELEASE.jar;D:\Develop\repository\org\springframework\boot\spring-boot-starter-logging\1.5.9.RELEASE\spring-boot-starter-logging-1.5.9.RELEASE.jar;D:\Develop\repository\ch\qos\logback\logback-classic\1.1.11\logback-classic-1.1.11.jar;D:\Develop\repository\ch\qos\logback\logback-core\1.2.3\logback-core-1.2.3.jar;D:\Develop\repository\org\slf4j\jcl-over-slf4j\1.7.25\jcl-over-slf4j-1.7.25.jar;D:\Develop\repository\org\slf4j\jul-to-slf4j\1.7.25\jul-to-slf4j-1.7.25.jar;D:\Develop\repository\org\slf4j\log4j-over-slf4j\1.7.25\log4j-over-slf4j-1.7.25.jar;D:\Develop\repository\org\yaml\snakeyaml\1.17\snakeyaml-1.17.jar;D:\Develop\repository\org\springframework\cloud\spring-cloud-context\1.2.2.RELEASE\spring-cloud-context-1.2.2.RELEASE.jar;D:\Develop\repository\org\springframework\security\spring-security-crypto\4.2.3.RELEASE\spring-security-crypto-4.2.3.RELEASE.jar;D:\Develop\repository\org\springframework\cloud\spring-cloud-commons\1.2.2.RELEASE\spring-cloud-commons-1.2.2.RELEASE.jar;D:\Develop\repository\org\springframework\security\spring-security-rsa\1.0.3.RELEASE\spring-security-rsa-1.0.3.RELEASE.jar;D:\Develop\repository\org\bouncycastle\bcpkix-jdk15on\1.55\bcpkix-jdk15on-1.55.jar;D:\Develop\repository\org\bouncycastle\bcprov-jdk15on\1.55\bcprov-jdk15on-1.55.jar;D:\Develop\repository\org\springframework\cloud\spring-cloud-netflix-eureka-server\1.3.1.RELEASE\spring-cloud-netflix-eureka-server-1.3.1.RELEASE.jar;D:\Develop\repository\org\springframework\boot\spring-boot-starter-web\1.5
Launcher Type: SUN_STANDARD

Environment Variables:
JAVA_HOME=D:\Develop\Java
PATH=D:/Develop/java1.8/bin/server;D:/Develop/java1.8/bin;D:/Develop/java1.8/lib/amd64;C:\ProgramData\Oracle\Java\javapath;C:\Program Files\Common Files\Siemens\Automation\Simatic OAM\bin;D:\python\37\Scripts\;D:\python\37\;C:\Program Files (x86)\Intel\iCLS Client\;C:\Program Files\Intel\iCLS Client\;C:\windows\system32;C:\windows;C:\windows\System32\Wbem;C:\windows\System32\WindowsPowerShell\v1.0\;C:\Program Files\Intel\Intel(R) Management Engine Components\DAL;C:\Program Files\Intel\Intel(R) Management Engine Components\IPT;C:\Program Files (x86)\Intel\Intel(R) Management Engine Components\DAL;C:\Program Files (x86)\Intel\Intel(R) Management Engine Components\IPT;C:\Program Files\Lenovo\Bluetooth Software\;C:\Program Files\Lenovo\Bluetooth Software\syswow64;C:\Program Files (x86)\Lenovo\Lenovo Home\;C:\Program Files (x86)\NVIDIA Corporation\PhysX\Common;D:\python\python27\gnuplot\binary;D:\QQ\Bin;D:\\\WeChat;D:\Develop\Java\bin;D:\Develop\apache-tomcat-8.5.37\lib;D:\Develop\apache-tomcat-8.5.37\bin;C:\Program Files\MySQL\MySQL Server 8.0\bin;C:\Program Files (x86)\Microsoft SQL Server\100\Tools\Binn\;C:\Program Files\Microsoft SQL Server\100\Tools\Binn\;C:\Program Files\Microsoft SQL Server\100\DTS\Binn\;D:\Develop\apache-maven-3.6.0\bin;D:\Develop\Redis;D:\Develop\nodejs\;D:\Develop\nodejs;D:\Develop\erlang\erl10.3\bin;D:\VSc++\Common\Tools\WinNT;D:\VSc++\Common\MSDev98\Bin;D:\VSc++\Common\Tools;D:\VSc++\VC98\bin;C:\Users\john\AppData\Roaming\npm;D:\Develop\eclipse;
USERNAME=john
OS=Windows_NT
PROCESSOR_IDENTIFIER=Intel64 Family 6 Model 60 Stepping 3, GenuineIntel



---------------  S Y S T E M  ---------------

OS: Windows 8.1 , 64 bit Build 9600 (6.3.9600.17031)

CPU:total 4 (2 cores per cpu, 2 threads per core) family 6 model 60 stepping 3, cmov, cx8, fxsr, mmx, sse, sse2, sse3, ssse3, sse4.1, sse4.2, popcnt, avx, avx2, aes, clmul, erms, lzcnt, ht, tsc, tscinvbit, bmi1, bmi2

Memory: 4k page, physical 8298776k(1770192k free), swap 10346776k(2360k free)

vm_info: Java HotSpot(TM) 64-Bit Server VM (25.111-b14) for windows-amd64 JRE (1.8.0_111-b14), built on Sep 22 2016 19:24:05 by "java_re" with MS VC++ 10.0 (VS2010)

time: Tue May 28 21:52:28 2019
elapsed time: 47 seconds (0d 0h 0m 47s)

