#
# There is insufficient memory for the Java Runtime Environment to continue.
# Native memory allocation (malloc) failed to allocate 32744 bytes for ChunkPool::allocate
# Possible reasons:
#   The system is out of physical RAM or swap space
#   In 32 bit mode, the process size limit was hit
# Possible solutions:
#   Reduce memory load on the system
#   Increase physical memory or swap space
#   Check if swap backing store is full
#   Use 64 bit Java on a 64 bit OS
#   Decrease Java heap size (-Xmx/-Xms)
#   Decrease number of Java threads
#   Decrease Java thread stack sizes (-Xss)
#   Set larger code cache with -XX:ReservedCodeCacheSize=
# This output file may be truncated or incomplete.
#
#  Out of Memory Error (allocation.cpp:273), pid=11532, tid=0x0000000000002814
#
# JRE version: Java(TM) SE Runtime Environment (8.0_111-b14) (build 1.8.0_111-b14)
# Java VM: Java HotSpot(TM) 64-Bit Server VM (25.111-b14 mixed mode windows-amd64 compressed oops)
# Failed to write core dump. Minidumps are not enabled by default on client versions of Windows
#

---------------  T H R E A D  ---------------

Current thread (0x0000000017bfb800):  JavaThread "C1 CompilerThread2" daemon [_thread_in_native, id=10260, stack(0x0000000019710000,0x0000000019810000)]

Stack: [0x0000000019710000,0x0000000019810000]
[error occurred during error reporting (printing stack bounds), id 0xc0000005]

Native frames: (J=compiled Java code, j=interpreted, Vv=VM code, C=native code)


Current CompileTask:
C1: 129446 4921       1       com.sun.crypto.provider.AESCrypt::decryptBlock (3852 bytes)


---------------  P R O C E S S  ---------------

Java Threads: ( => current thread )
  0x000000001d6a2000 JavaThread "Druid-ConnectionPool-Destroy-340654033" daemon [_thread_blocked, id=3192, stack(0x000000001feb0000,0x000000001ffb0000)]
  0x000000001d6a1000 JavaThread "Druid-ConnectionPool-Create-340654033" daemon [_thread_blocked, id=8520, stack(0x000000001fdb0000,0x000000001feb0000)]
  0x000000001d6a0800 JavaThread "Abandoned connection cleanup thread" daemon [_thread_blocked, id=11760, stack(0x000000001fcb0000,0x000000001fdb0000)]
  0x000000001d69b000 JavaThread "Scheduler-621650944" [_thread_blocked, id=11000, stack(0x000000001b6e0000,0x000000001b7e0000)]
  0x000000001d69e000 JavaThread "DiscoveryClient-2" daemon [_thread_blocked, id=8968, stack(0x000000001f9b0000,0x000000001fab0000)]
  0x000000001d69a800 JavaThread "DiscoveryClient-HeartbeatExecutor-0" daemon [_thread_blocked, id=11224, stack(0x000000001f8b0000,0x000000001f9b0000)]
  0x000000001d69c800 JavaThread "DiscoveryClient-CacheRefreshExecutor-0" daemon [_thread_blocked, id=13088, stack(0x000000001f7b0000,0x000000001f8b0000)]
  0x000000001d69d800 JavaThread "DestroyJavaVM" [_thread_blocked, id=3356, stack(0x0000000002e50000,0x0000000002f50000)]
  0x000000001d69c000 JavaThread "DiscoveryClient-InstanceInfoReplicator-0" daemon [_thread_blocked, id=6168, stack(0x000000001f6b0000,0x000000001f7b0000)]
  0x000000001b68d000 JavaThread "DiscoveryClient-1" daemon [_thread_blocked, id=1696, stack(0x000000001f5b0000,0x000000001f6b0000)]
  0x000000001b68d800 JavaThread "DiscoveryClient-0" daemon [_thread_blocked, id=6680, stack(0x000000001f4b0000,0x000000001f5b0000)]
  0x000000001b68b800 JavaThread "AsyncResolver-bootstrap-0" daemon [_thread_blocked, id=10016, stack(0x000000001f0b0000,0x000000001f1b0000)]
  0x000000001b68c000 JavaThread "Eureka-JerseyClient-Conn-Cleaner2" daemon [_thread_blocked, id=6868, stack(0x000000001efb0000,0x000000001f0b0000)]
  0x000000001b688800 JavaThread "Eureka-JerseyClient-Conn-Cleaner2" daemon [_thread_blocked, id=12096, stack(0x000000001eeb0000,0x000000001efb0000)]
  0x000000001b689000 JavaThread "File Watcher" daemon [_thread_blocked, id=8456, stack(0x000000001e9b0000,0x000000001eab0000)]
  0x000000001b68a800 JavaThread "spring.cloud.inetutils" daemon [_thread_blocked, id=12564, stack(0x000000001e6b0000,0x000000001e7b0000)]
  0x000000001b687000 JavaThread "Scheduler-1312574412" [_thread_blocked, id=2480, stack(0x000000001e1b0000,0x000000001e2b0000)]
  0x000000001b68a000 JavaThread "qtp1945889543-28" [_thread_blocked, id=8384, stack(0x000000001cfe0000,0x000000001d0e0000)]
  0x000000001b687800 JavaThread "qtp1945889543-27" [_thread_blocked, id=5384, stack(0x000000001cee0000,0x000000001cfe0000)]
  0x000000001b686000 JavaThread "qtp1945889543-26" [_thread_blocked, id=5220, stack(0x000000001cde0000,0x000000001cee0000)]
  0x000000001ae73000 JavaThread "qtp1945889543-25" [_thread_blocked, id=1976, stack(0x000000001cce0000,0x000000001cde0000)]
  0x000000001ae72000 JavaThread "qtp1945889543-24" [_thread_blocked, id=12612, stack(0x000000001cbe0000,0x000000001cce0000)]
  0x000000001ae71000 JavaThread "qtp1945889543-23" [_thread_in_native, id=636, stack(0x000000001cae0000,0x000000001cbe0000)]
  0x000000001b67f000 JavaThread "qtp1945889543-22" [_thread_blocked, id=11852, stack(0x000000001c9e0000,0x000000001cae0000)]
  0x000000001b67e800 JavaThread "qtp1945889543-21-acceptor-0@2950551d-ServerConnector@29b08c62{HTTP/1.1,[http/1.1]}{0.0.0.0:8002}" [_thread_in_native, id=8556, stack(0x000000001b8e0000,0x000000001b9e0000)]
  0x0000000019e9b000 JavaThread "RMI TCP Accept-0" daemon [_thread_in_native, id=3740, stack(0x000000001a310000,0x000000001a410000)]
  0x0000000019de7800 JavaThread "RMI TCP Accept-11561" daemon [_thread_in_native, id=7900, stack(0x000000001a210000,0x000000001a310000)]
  0x0000000019de3000 JavaThread "RMI TCP Accept-0" daemon [_thread_in_native, id=11648, stack(0x000000001a110000,0x000000001a210000)]
  0x0000000017c1e000 JavaThread "Service Thread" daemon [_thread_blocked, id=9592, stack(0x0000000019810000,0x0000000019910000)]
=>0x0000000017bfb800 JavaThread "C1 CompilerThread2" daemon [_thread_in_native, id=10260, stack(0x0000000019710000,0x0000000019810000)]
  0x0000000017bed000 JavaThread "C2 CompilerThread1" daemon [_thread_blocked, id=7016, stack(0x0000000019610000,0x0000000019710000)]
  0x0000000017beb000 JavaThread "C2 CompilerThread0" daemon [_thread_blocked, id=7400, stack(0x0000000019510000,0x0000000019610000)]
  0x0000000017bea000 JavaThread "Attach Listener" daemon [_thread_blocked, id=11304, stack(0x0000000019410000,0x0000000019510000)]
  0x0000000017be9800 JavaThread "Signal Dispatcher" daemon [_thread_blocked, id=8684, stack(0x0000000019310000,0x0000000019410000)]
  0x0000000017baf800 JavaThread "Finalizer" daemon [_thread_blocked, id=7052, stack(0x0000000018e10000,0x0000000018f10000)]
  0x0000000017b88800 JavaThread "Reference Handler" daemon [_thread_blocked, id=9776, stack(0x0000000018d10000,0x0000000018e10000)]

Other Threads:
  0x0000000017b87000 VMThread [stack: 0x0000000018c10000,0x0000000018d10000] [id=9556]
  0x0000000019e9e800 WatcherThread [stack: 0x000000001a410000,0x000000001a510000] [id=9272]

VM state:not at safepoint (normal execution)

VM Mutex/Monitor currently owned by a thread: None

Heap:
 PSYoungGen      total 463872K, used 204890K [0x00000000d5c00000, 0x00000000f5780000, 0x0000000100000000)
  eden space 452608K, 42% used [0x00000000d5c00000,0x00000000e194cb00,0x00000000f1600000)
  from space 11264K, 98% used [0x00000000f4c80000,0x00000000f5749e28,0x00000000f5780000)
  to   space 16896K, 0% used [0x00000000f3680000,0x00000000f3680000,0x00000000f4700000)
 ParOldGen       total 87040K, used 23164K [0x0000000081400000, 0x0000000086900000, 0x00000000d5c00000)
  object space 87040K, 26% used [0x0000000081400000,0x0000000082a9f1a0,0x0000000086900000)
 Metaspace       used 47498K, capacity 48310K, committed 48728K, reserved 1091584K
  class space    used 6223K, capacity 6441K, committed 6528K, reserved 1048576K

Card table byte_map: [0x0000000012410000,0x0000000012810000] byte_map_base: 0x0000000012006000

Marking Bits: (ParMarkBitMap*) 0x000000005de4a6c0
 Begin Bits: [0x0000000012ec0000, 0x0000000014e70000)
 End Bits:   [0x0000000014e70000, 0x0000000016e20000)

Polling page: 0x0000000001000000

CodeCache: size=245760Kb used=9867Kb max_used=9867Kb free=235892Kb
 bounds [0x0000000003050000, 0x0000000003a00000, 0x0000000012050000]
 total_blobs=5351 nmethods=4812 adapters=451
 compilation: enabled

Compilation events (10 events):
Event: 129.397 Thread 0x0000000017bfb800 nmethod 4914 0x00000000039f2390 code [0x00000000039f2520, 0x00000000039f2848]
Event: 129.397 Thread 0x0000000017bfb800 4918       1       org.springframework.web.servlet.mvc.condition.ProducesRequestCondition$ProduceMediaTypeExpression::matchMediaType (44 bytes)
Event: 129.397 Thread 0x0000000017bfb800 nmethod 4918 0x00000000039f2a10 code [0x00000000039f2ba0, 0x00000000039f2dd8]
Event: 129.397 Thread 0x0000000017bfb800 4917       1       org.springframework.web.servlet.mvc.condition.ProducesRequestCondition$ProduceMediaTypeExpression::match (27 bytes)
Event: 129.397 Thread 0x0000000017bfb800 nmethod 4917 0x00000000039f2f50 code [0x00000000039f30a0, 0x00000000039f3208]
Event: 129.397 Thread 0x0000000017bfb800 4919       1       sun.misc.Unsafe::getAndAddLong (27 bytes)
Event: 129.397 Thread 0x0000000017bfb800 nmethod 4919 0x00000000039f3290 code [0x00000000039f33e0, 0x00000000039f3530]
Event: 129.399 Thread 0x0000000017bfb800 4920       1       com.mysql.jdbc.MysqlIO::readFully (91 bytes)
Event: 129.400 Thread 0x0000000017bfb800 nmethod 4920 0x00000000039f35d0 code [0x00000000039f37e0, 0x00000000039f3ff8]
Event: 129.400 Thread 0x0000000017bfb800 4921       1       com.sun.crypto.provider.AESCrypt::decryptBlock (3852 bytes)

GC Heap History (10 events):
Event: 7.094 GC heap before
{Heap before GC invocations=10 (full 1):
 PSYoungGen      total 240128K, used 239875K [0x00000000d5c00000, 0x00000000e6f80000, 0x0000000100000000)
  eden space 235008K, 100% used [0x00000000d5c00000,0x00000000e4180000,0x00000000e4180000)
  from space 5120K, 95% used [0x00000000e6a80000,0x00000000e6f40c70,0x00000000e6f80000)
  to   space 10240K, 0% used [0x00000000e5b80000,0x00000000e5b80000,0x00000000e6580000)
 ParOldGen       total 51712K, used 6755K [0x0000000081400000, 0x0000000084680000, 0x00000000d5c00000)
  object space 51712K, 13% used [0x0000000081400000,0x0000000081a98ff0,0x0000000084680000)
 Metaspace       used 26217K, capacity 26668K, committed 26880K, reserved 1073152K
  class space    used 3456K, capacity 3569K, committed 3584K, reserved 1048576K
Event: 7.111 GC heap after
Heap after GC invocations=10 (full 1):
 PSYoungGen      total 271872K, used 9538K [0x00000000d5c00000, 0x00000000ebb80000, 0x0000000100000000)
  eden space 261632K, 0% used [0x00000000d5c00000,0x00000000d5c00000,0x00000000e5b80000)
  from space 10240K, 93% used [0x00000000e5b80000,0x00000000e64d0938,0x00000000e6580000)
  to   space 11264K, 0% used [0x00000000eb080000,0x00000000eb080000,0x00000000ebb80000)
 ParOldGen       total 51712K, used 6755K [0x0000000081400000, 0x0000000084680000, 0x00000000d5c00000)
  object space 51712K, 13% used [0x0000000081400000,0x0000000081a98ff0,0x0000000084680000)
 Metaspace       used 26217K, capacity 26668K, committed 26880K, reserved 1073152K
  class space    used 3456K, capacity 3569K, committed 3584K, reserved 1048576K
}
Event: 9.152 GC heap before
{Heap before GC invocations=11 (full 1):
 PSYoungGen      total 271872K, used 271170K [0x00000000d5c00000, 0x00000000ebb80000, 0x0000000100000000)
  eden space 261632K, 100% used [0x00000000d5c00000,0x00000000e5b80000,0x00000000e5b80000)
  from space 10240K, 93% used [0x00000000e5b80000,0x00000000e64d0938,0x00000000e6580000)
  to   space 11264K, 0% used [0x00000000eb080000,0x00000000eb080000,0x00000000ebb80000)
 ParOldGen       total 51712K, used 6755K [0x0000000081400000, 0x0000000084680000, 0x00000000d5c00000)
  object space 51712K, 13% used [0x0000000081400000,0x0000000081a98ff0,0x0000000084680000)
 Metaspace       used 33998K, capacity 34518K, committed 34944K, reserved 1079296K
  class space    used 4484K, capacity 4655K, committed 4736K, reserved 1048576K
Event: 9.188 GC heap after
Heap after GC invocations=11 (full 1):
 PSYoungGen      total 344064K, used 11255K [0x00000000d5c00000, 0x00000000ee600000, 0x0000000100000000)
  eden space 332800K, 0% used [0x00000000d5c00000,0x00000000d5c00000,0x00000000ea100000)
  from space 11264K, 99% used [0x00000000eb080000,0x00000000ebb7dd80,0x00000000ebb80000)
  to   space 15872K, 0% used [0x00000000ea100000,0x00000000ea100000,0x00000000eb080000)
 ParOldGen       total 51712K, used 16233K [0x0000000081400000, 0x0000000084680000, 0x00000000d5c00000)
  object space 51712K, 31% used [0x0000000081400000,0x00000000823da6c0,0x0000000084680000)
 Metaspace       used 33998K, capacity 34518K, committed 34944K, reserved 1079296K
  class space    used 4484K, capacity 4655K, committed 4736K, reserved 1048576K
}
Event: 9.496 GC heap before
{Heap before GC invocations=12 (full 1):
 PSYoungGen      total 344064K, used 54369K [0x00000000d5c00000, 0x00000000ee600000, 0x0000000100000000)
  eden space 332800K, 12% used [0x00000000d5c00000,0x00000000d861a9f8,0x00000000ea100000)
  from space 11264K, 99% used [0x00000000eb080000,0x00000000ebb7dd80,0x00000000ebb80000)
  to   space 15872K, 0% used [0x00000000ea100000,0x00000000ea100000,0x00000000eb080000)
 ParOldGen       total 51712K, used 16233K [0x0000000081400000, 0x0000000084680000, 0x00000000d5c00000)
  object space 51712K, 31% used [0x0000000081400000,0x00000000823da6c0,0x0000000084680000)
 Metaspace       used 34611K, capacity 35094K, committed 35416K, reserved 1079296K
  class space    used 4563K, capacity 4719K, committed 4736K, reserved 1048576K
Event: 9.529 GC heap after
Heap after GC invocations=12 (full 1):
 PSYoungGen      total 348672K, used 1588K [0x00000000d5c00000, 0x00000000f5c80000, 0x0000000100000000)
  eden space 332800K, 0% used [0x00000000d5c00000,0x00000000d5c00000,0x00000000ea100000)
  from space 15872K, 10% used [0x00000000ea100000,0x00000000ea28d2e0,0x00000000eb080000)
  to   space 16384K, 0% used [0x00000000f4c80000,0x00000000f4c80000,0x00000000f5c80000)
 ParOldGen       total 51712K, used 27459K [0x0000000081400000, 0x0000000084680000, 0x00000000d5c00000)
  object space 51712K, 53% used [0x0000000081400000,0x0000000082ed0e68,0x0000000084680000)
 Metaspace       used 34611K, capacity 35094K, committed 35416K, reserved 1079296K
  class space    used 4563K, capacity 4719K, committed 4736K, reserved 1048576K
}
Event: 9.529 GC heap before
{Heap before GC invocations=13 (full 2):
 PSYoungGen      total 348672K, used 1588K [0x00000000d5c00000, 0x00000000f5c80000, 0x0000000100000000)
  eden space 332800K, 0% used [0x00000000d5c00000,0x00000000d5c00000,0x00000000ea100000)
  from space 15872K, 10% used [0x00000000ea100000,0x00000000ea28d2e0,0x00000000eb080000)
  to   space 16384K, 0% used [0x00000000f4c80000,0x00000000f4c80000,0x00000000f5c80000)
 ParOldGen       total 51712K, used 27459K [0x0000000081400000, 0x0000000084680000, 0x00000000d5c00000)
  object space 51712K, 53% used [0x0000000081400000,0x0000000082ed0e68,0x0000000084680000)
 Metaspace       used 34611K, capacity 35094K, committed 35416K, reserved 1079296K
  class space    used 4563K, capacity 4719K, committed 4736K, reserved 1048576K
Event: 9.751 GC heap after
Heap after GC invocations=13 (full 2):
 PSYoungGen      total 348672K, used 0K [0x00000000d5c00000, 0x00000000f5c80000, 0x0000000100000000)
  eden space 332800K, 0% used [0x00000000d5c00000,0x00000000d5c00000,0x00000000ea100000)
  from space 15872K, 0% used [0x00000000ea100000,0x00000000ea100000,0x00000000eb080000)
  to   space 16384K, 0% used [0x00000000f4c80000,0x00000000f4c80000,0x00000000f5c80000)
 ParOldGen       total 87040K, used 23156K [0x0000000081400000, 0x0000000086900000, 0x00000000d5c00000)
  object space 87040K, 26% used [0x0000000081400000,0x0000000082a9d1a0,0x0000000086900000)
 Metaspace       used 34611K, capacity 35094K, committed 35416K, reserved 1079296K
  class space    used 4563K, capacity 4719K, committed 4736K, reserved 1048576K
}
Event: 11.600 GC heap before
{Heap before GC invocations=14 (full 2):
 PSYoungGen      total 348672K, used 332800K [0x00000000d5c00000, 0x00000000f5c80000, 0x0000000100000000)
  eden space 332800K, 100% used [0x00000000d5c00000,0x00000000ea100000,0x00000000ea100000)
  from space 15872K, 0% used [0x00000000ea100000,0x00000000ea100000,0x00000000eb080000)
  to   space 16384K, 0% used [0x00000000f4c80000,0x00000000f4c80000,0x00000000f5c80000)
 ParOldGen       total 87040K, used 23156K [0x0000000081400000, 0x0000000086900000, 0x00000000d5c00000)
  object space 87040K, 26% used [0x0000000081400000,0x0000000082a9d1a0,0x0000000086900000)
 Metaspace       used 37942K, capacity 38610K, committed 38744K, reserved 1083392K
  class space    used 5023K, capacity 5193K, committed 5248K, reserved 1048576K
Event: 11.615 GC heap after
Heap after GC invocations=14 (full 2):
 PSYoungGen      total 463872K, used 11047K [0x00000000d5c00000, 0x00000000f5780000, 0x0000000100000000)
  eden space 452608K, 0% used [0x00000000d5c00000,0x00000000d5c00000,0x00000000f1600000)
  from space 11264K, 98% used [0x00000000f4c80000,0x00000000f5749e28,0x00000000f5780000)
  to   space 16896K, 0% used [0x00000000f3680000,0x00000000f3680000,0x00000000f4700000)
 ParOldGen       total 87040K, used 23164K [0x0000000081400000, 0x0000000086900000, 0x00000000d5c00000)
  object space 87040K, 26% used [0x0000000081400000,0x0000000082a9f1a0,0x0000000086900000)
 Metaspace       used 37942K, capacity 38610K, committed 38744K, reserved 1083392K
  class space    used 5023K, capacity 5193K, committed 5248K, reserved 1048576K
}

Deoptimization events (0 events):
No events

Internal exceptions (10 events):
Event: 12.401 Thread 0x000000001acfd800 Exception <a 'java/lang/ClassNotFoundException': org/springframework/web/servlet/FlashMapManagerCustomizer> (0x00000000dacb5de0) thrown at [C:\re\workspace\8-2-build-windows-amd64-cygwin\jdk8u111\7883\hotspot\src\share\vm\classfile\systemDictionary.cpp, l
Event: 42.276 Thread 0x000000001d69c800 Exception <a 'java/lang/ArrayIndexOutOfBoundsException'> (0x00000000dd3a2e20) thrown at [C:\re\workspace\8-2-build-windows-amd64-cygwin\jdk8u111\7883\hotspot\src\share\vm\runtime\sharedRuntime.cpp, line 605]
Event: 72.284 Thread 0x000000001d69c800 Exception <a 'java/net/SocketTimeoutException': Read timed out> (0x00000000dd433ef8) thrown at [C:\re\workspace\8-2-build-windows-amd64-cygwin\jdk8u111\7883\hotspot\src\share\vm\prims\jni.cpp, line 735]
Event: 102.291 Thread 0x000000001d69c800 Exception <a 'java/net/SocketTimeoutException': Read timed out> (0x00000000dd4474d8) thrown at [C:\re\workspace\8-2-build-windows-amd64-cygwin\jdk8u111\7883\hotspot\src\share\vm\prims\jni.cpp, line 735]
Event: 109.688 Thread 0x000000001b687800 Exception <a 'java/lang/ArrayIndexOutOfBoundsException'> (0x00000000deb592b0) thrown at [C:\re\workspace\8-2-build-windows-amd64-cygwin\jdk8u111\7883\hotspot\src\share\vm\runtime\sharedRuntime.cpp, line 605]
Event: 110.398 Thread 0x000000001b687800 Exception <a 'java/io/IOException'> (0x00000000e07d8fd8) thrown at [C:\re\workspace\8-2-build-windows-amd64-cygwin\jdk8u111\7883\hotspot\src\share\vm\prims\jni.cpp, line 709]
Event: 112.687 Thread 0x000000001b67f000 Exception <a 'java/io/IOException'> (0x00000000de483738) thrown at [C:\re\workspace\8-2-build-windows-amd64-cygwin\jdk8u111\7883\hotspot\src\share\vm\prims\jni.cpp, line 709]
Event: 114.380 Thread 0x000000001ae72000 Exception <a 'java/io/IOException'> (0x00000000e10b5f28) thrown at [C:\re\workspace\8-2-build-windows-amd64-cygwin\jdk8u111\7883\hotspot\src\share\vm\prims\jni.cpp, line 709]
Event: 115.156 Thread 0x000000001ae71000 Exception <a 'java/io/IOException'> (0x00000000e150ea88) thrown at [C:\re\workspace\8-2-build-windows-amd64-cygwin\jdk8u111\7883\hotspot\src\share\vm\prims\jni.cpp, line 709]
Event: 128.522 Thread 0x000000001b686000 Exception <a 'java/io/IOException'> (0x00000000e0c65338) thrown at [C:\re\workspace\8-2-build-windows-amd64-cygwin\jdk8u111\7883\hotspot\src\share\vm\prims\jni.cpp, line 709]

Events (10 events):
Event: 112.683 Executing VM operation: RevokeBias
Event: 112.683 Executing VM operation: RevokeBias done
Event: 112.684 Executing VM operation: RevokeBias
Event: 112.684 Executing VM operation: RevokeBias done
Event: 112.684 Executing VM operation: RevokeBias
Event: 112.684 Executing VM operation: RevokeBias done
Event: 112.685 Executing VM operation: RevokeBias
Event: 112.685 Executing VM operation: RevokeBias done
Event: 112.686 Executing VM operation: RevokeBias
Event: 112.686 Executing VM operation: RevokeBias done


Dynamic libraries:
0x00007ff715420000 - 0x00007ff715457000 	D:\Develop\Java\jre\bin\javaw.exe
0x00007ffe26b90000 - 0x00007ffe26d3a000 	C:\windows\SYSTEM32\ntdll.dll
0x00007ffe248e0000 - 0x00007ffe24a1a000 	C:\windows\system32\KERNEL32.DLL
0x00007ffe24020000 - 0x00007ffe24130000 	C:\windows\system32\KERNELBASE.dll
0x00007ffe22ad0000 - 0x00007ffe22b58000 	C:\windows\system32\apphelp.dll
0x00007ffe21360000 - 0x00007ffe213af000 	C:\windows\AppPatch\AppPatch64\AcGenral.DLL
0x00007ffe26250000 - 0x00007ffe262f7000 	C:\windows\system32\msvcrt.dll
0x00007ffe23be0000 - 0x00007ffe23c0b000 	C:\windows\SYSTEM32\SspiCli.dll
0x00007ffe24a20000 - 0x00007ffe24a71000 	C:\windows\system32\SHLWAPI.dll
0x00007ffe264e0000 - 0x00007ffe26651000 	C:\windows\system32\USER32.dll
0x00007ffe266c0000 - 0x00007ffe26838000 	C:\windows\system32\ole32.dll
0x00007ffe24e30000 - 0x00007ffe26247000 	C:\windows\system32\SHELL32.dll
0x00007ffe234b0000 - 0x00007ffe234cf000 	C:\windows\SYSTEM32\USERENV.dll
0x00007ffe24530000 - 0x00007ffe245d5000 	C:\windows\system32\ADVAPI32.dll
0x00007ffe1b7b0000 - 0x00007ffe1b7cb000 	C:\windows\SYSTEM32\MPR.dll
0x00007ffe26300000 - 0x00007ffe26436000 	C:\windows\system32\RPCRT4.dll
0x00007ffe244d0000 - 0x00007ffe24527000 	C:\windows\SYSTEM32\sechost.dll
0x00007ffe245e0000 - 0x00007ffe247b6000 	C:\windows\SYSTEM32\combase.dll
0x00007ffe268f0000 - 0x00007ffe26a35000 	C:\windows\system32\GDI32.dll
0x00007ffe23f00000 - 0x00007ffe23f14000 	C:\windows\SYSTEM32\profapi.dll
0x00007ffe22500000 - 0x00007ffe2259f000 	C:\windows\SYSTEM32\SHCORE.dll
0x00007ffe24410000 - 0x00007ffe24444000 	C:\windows\system32\IMM32.DLL
0x00007ffe26a50000 - 0x00007ffe26b89000 	C:\windows\system32\MSCTF.dll
0x00007ffe23ec0000 - 0x00007ffe23ef0000 	C:\windows\system32\nvinitx.dll
0x00007ffe23eb0000 - 0x00007ffe23eba000 	C:\windows\SYSTEM32\VERSION.dll
0x0000000061ad0000 - 0x0000000061ad6000 	C:\Program Files\NVIDIA Corporation\CoProcManager\_etoured.dll
0x00007ffe212a0000 - 0x00007ffe212d8000 	C:\Program Files\NVIDIA Corporation\CoProcManager\nvd3d9wrapx.dll
0x00007ffe24c50000 - 0x00007ffe24e24000 	C:\windows\system32\SETUPAPI.dll
0x00007ffe23fd0000 - 0x00007ffe2401a000 	C:\windows\system32\CFGMGR32.dll
0x00007ffe21e50000 - 0x00007ffe21e74000 	C:\Program Files\NVIDIA Corporation\CoProcManager\nvdxgiwrapx.dll
0x00007ffe220d0000 - 0x00007ffe2232a000 	C:\windows\WinSxS\amd64_microsoft.windows.common-controls_6595b64144ccf1df_6.0.9600.17031_none_6242a4b3ecbb55a1\COMCTL32.dll
0x000000005f030000 - 0x000000005f102000 	D:\Develop\Java\jre\bin\msvcr100.dll
0x000000005d630000 - 0x000000005deca000 	D:\Develop\Java\jre\bin\server\jvm.dll
0x00007ffe1a780000 - 0x00007ffe1a789000 	C:\windows\SYSTEM32\WSOCK32.dll
0x00007ffe20e00000 - 0x00007ffe20e1f000 	C:\windows\SYSTEM32\WINMM.dll
0x00007ffe244b0000 - 0x00007ffe244b7000 	C:\windows\system32\PSAPI.DLL
0x00007ffe24450000 - 0x00007ffe244a8000 	C:\windows\system32\WS2_32.dll
0x00007ffe1e630000 - 0x00007ffe1e65a000 	C:\windows\SYSTEM32\WINMMBASE.dll
0x00007ffe24c20000 - 0x00007ffe24c29000 	C:\windows\system32\NSI.dll
0x00007ffe22d30000 - 0x00007ffe22d56000 	C:\windows\SYSTEM32\DEVOBJ.dll
0x000000005f020000 - 0x000000005f02f000 	D:\Develop\Java\jre\bin\verify.dll
0x000000005eff0000 - 0x000000005f019000 	D:\Develop\Java\jre\bin\java.dll
0x000000005efd0000 - 0x000000005efe6000 	D:\Develop\Java\jre\bin\zip.dll
0x000000005efc0000 - 0x000000005efcd000 	D:\Develop\Java\jre\bin\management.dll
0x000000005efa0000 - 0x000000005efba000 	D:\Develop\Java\jre\bin\net.dll
0x00007ffe23700000 - 0x00007ffe23758000 	C:\windows\system32\mswsock.dll
0x000000005ef80000 - 0x000000005ef91000 	D:\Develop\Java\jre\bin\nio.dll
0x00007ffe1b550000 - 0x00007ffe1b564000 	C:\windows\system32\napinsp.dll
0x00007ffe1b530000 - 0x00007ffe1b549000 	C:\windows\system32\pnrpnsp.dll
0x00007ffe20b00000 - 0x00007ffe20b19000 	C:\windows\system32\NLAapi.dll
0x00007ffe23510000 - 0x00007ffe235b3000 	C:\windows\SYSTEM32\DNSAPI.dll
0x00007ffe1b760000 - 0x00007ffe1b76c000 	C:\windows\System32\winrnr.dll
0x00007ffe1b510000 - 0x00007ffe1b523000 	C:\windows\system32\wshbth.dll
0x00007ffe128f0000 - 0x00007ffe129fd000 	C:\windows\SysWOW64\ierd_tgp_lsp64.dll
0x00007ffe1a760000 - 0x00007ffe1a769000 	C:\Windows\System32\rasadhlp.dll
0x00007ffe1ee10000 - 0x00007ffe1ee39000 	C:\windows\SYSTEM32\IPHLPAPI.DLL
0x00007ffe1edf0000 - 0x00007ffe1edfa000 	C:\windows\SYSTEM32\WINNSI.DLL
0x00007ffe1ea60000 - 0x00007ffe1eac7000 	C:\windows\System32\fwpuclnt.dll
0x00007ffe23760000 - 0x00007ffe2377e000 	C:\windows\SYSTEM32\CRYPTSP.dll
0x00007ffe233a0000 - 0x00007ffe233d5000 	C:\windows\system32\rsaenh.dll
0x00007ffe23a60000 - 0x00007ffe23a86000 	C:\windows\SYSTEM32\bcrypt.dll
0x00007ffe23da0000 - 0x00007ffe23e00000 	C:\windows\system32\bcryptprimitives.dll
0x00007ffe23e00000 - 0x00007ffe23e0a000 	C:\windows\SYSTEM32\CRYPTBASE.dll
0x00007ffe1ea30000 - 0x00007ffe1ea44000 	C:\windows\SYSTEM32\dhcpcsvc6.DLL
0x00007ffe1ea10000 - 0x00007ffe1ea29000 	C:\windows\SYSTEM32\dhcpcsvc.DLL
0x000000005ef50000 - 0x000000005ef74000 	D:\Develop\Java\jre\bin\sunec.dll
0x000000005ef40000 - 0x000000005ef4b000 	D:\Develop\Java\jre\bin\sunmscapi.dll
0x00007ffe24230000 - 0x00007ffe24407000 	C:\windows\system32\CRYPT32.dll
0x0000000002b40000 - 0x0000000002b52000 	C:\windows\system32\MSASN1.dll

VM Arguments:
jvm_args: -Dcom.sun.management.jmxremote -Dcom.sun.management.jmxremote.port=11561 -Dcom.sun.management.jmxremote.authenticate=false -Dcom.sun.management.jmxremote.ssl=false -Djava.rmi.server.hostname=localhost -Dspring.jmx.enabled=true -Dspring.application.admin.enabled=true -Xverify:none -XX:TieredStopAtLevel=1 -Dfile.encoding=UTF-8 
java_command: com.ygt.springcloud.DeptProvider8002_App
java_class_path (initial): D:\code\eclipseWorkSpace\microservicecloud\microservicecloud-provider-dept-8002\target\classes;D:\code\eclipseWorkSpace\microservicecloud\microservicecloud-api\target\classes;C:\Users\john\.m2\repository\org\projectlombok\lombok\1.16.18\lombok-1.16.18.jar;D:\Develop\repository\org\projectlombok\lombok\1.16.18\lombok-1.16.18.jar;D:\Develop\repository\org\springframework\boot\spring-boot-starter-actuator\1.5.9.RELEASE\spring-boot-starter-actuator-1.5.9.RELEASE.jar;D:\Develop\repository\org\springframework\boot\spring-boot-starter\1.5.9.RELEASE\spring-boot-starter-1.5.9.RELEASE.jar;D:\Develop\repository\org\springframework\boot\spring-boot-starter-logging\1.5.9.RELEASE\spring-boot-starter-logging-1.5.9.RELEASE.jar;D:\Develop\repository\ch\qos\logback\logback-classic\1.1.11\logback-classic-1.1.11.jar;D:\Develop\repository\org\slf4j\jcl-over-slf4j\1.7.25\jcl-over-slf4j-1.7.25.jar;D:\Develop\repository\org\slf4j\jul-to-slf4j\1.7.25\jul-to-slf4j-1.7.25.jar;D:\Develop\repository\org\slf4j\log4j-over-slf4j\1.7.25\log4j-over-slf4j-1.7.25.jar;D:\Develop\repository\org\yaml\snakeyaml\1.17\snakeyaml-1.17.jar;D:\Develop\repository\org\springframework\boot\spring-boot-actuator\1.5.9.RELEASE\spring-boot-actuator-1.5.9.RELEASE.jar;D:\Develop\repository\org\springframework\spring-context\4.3.13.RELEASE\spring-context-4.3.13.RELEASE.jar;D:\Develop\repository\org\springframework\cloud\spring-cloud-starter-eureka\1.3.1.RELEASE\spring-cloud-starter-eureka-1.3.1.RELEASE.jar;D:\Develop\repository\org\springframework\cloud\spring-cloud-starter\1.2.2.RELEASE\spring-cloud-starter-1.2.2.RELEASE.jar;D:\Develop\repository\org\springframework\cloud\spring-cloud-context\1.2.2.RELEASE\spring-cloud-context-1.2.2.RELEASE.jar;D:\Develop\repository\org\springframework\security\spring-security-crypto\4.2.3.RELEASE\spring-security-crypto-4.2.3.RELEASE.jar;D:\Develop\repository\org\springframework\cloud\spring-cloud-commons\1.2.2.RELEASE\spring-cloud-commons-1.2.2.RELEASE.jar;
Launcher Type: SUN_STANDARD

Environment Variables:
JAVA_HOME=D:\Develop\Java
PATH=D:/Develop/java1.8/bin/server;D:/Develop/java1.8/bin;D:/Develop/java1.8/lib/amd64;C:\ProgramData\Oracle\Java\javapath;C:\Program Files\Common Files\Siemens\Automation\Simatic OAM\bin;D:\python\37\Scripts\;D:\python\37\;C:\Program Files (x86)\Intel\iCLS Client\;C:\Program Files\Intel\iCLS Client\;C:\windows\system32;C:\windows;C:\windows\System32\Wbem;C:\windows\System32\WindowsPowerShell\v1.0\;C:\Program Files\Intel\Intel(R) Management Engine Components\DAL;C:\Program Files\Intel\Intel(R) Management Engine Components\IPT;C:\Program Files (x86)\Intel\Intel(R) Management Engine Components\DAL;C:\Program Files (x86)\Intel\Intel(R) Management Engine Components\IPT;C:\Program Files\Lenovo\Bluetooth Software\;C:\Program Files\Lenovo\Bluetooth Software\syswow64;C:\Program Files (x86)\Lenovo\Lenovo Home\;C:\Program Files (x86)\NVIDIA Corporation\PhysX\Common;D:\python\python27\gnuplot\binary;D:\QQ\Bin;D:\°ì¹«\Î¢ÐÅ\WeChat;D:\Develop\Java\bin;D:\Develop\apache-tomcat-8.5.37\lib;D:\Develop\apache-tomcat-8.5.37\bin;C:\Program Files\MySQL\MySQL Server 8.0\bin;C:\Program Files (x86)\Microsoft SQL Server\100\Tools\Binn\;C:\Program Files\Microsoft SQL Server\100\Tools\Binn\;C:\Program Files\Microsoft SQL Server\100\DTS\Binn\;D:\Develop\apache-maven-3.6.0\bin;D:\Develop\Redis;D:\Develop\nodejs\;D:\Develop\nodejs;D:\Develop\erlang\erl10.3\bin;D:\VSc++\Common\Tools\WinNT;D:\VSc++\Common\MSDev98\Bin;D:\VSc++\Common\Tools;D:\VSc++\VC98\bin;C:\Users\john\AppData\Roaming\npm;D:\Develop\eclipse;
USERNAME=john
OS=Windows_NT
PROCESSOR_IDENTIFIER=Intel64 Family 6 Model 60 Stepping 3, GenuineIntel



---------------  S Y S T E M  ---------------

OS: Windows 8.1 , 64 bit Build 9600 (6.3.9600.17031)

CPU:total 4 (2 cores per cpu, 2 threads per core) family 6 model 60 stepping 3, cmov, cx8, fxsr, mmx, sse, sse2, sse3, ssse3, sse4.1, sse4.2, popcnt, avx, avx2, aes, clmul, erms, lzcnt, ht, tsc, tscinvbit, bmi1, bmi2

Memory: 4k page, physical 8298776k(1612352k free), swap 10346776k(5064k free)

vm_info: Java HotSpot(TM) 64-Bit Server VM (25.111-b14) for windows-amd64 JRE (1.8.0_111-b14), built on Sep 22 2016 19:24:05 by "java_re" with MS VC++ 10.0 (VS2010)

time: Sun May 26 22:16:05 2019
elapsed time: 129 seconds (0d 0h 2m 9s)

