#
# There is insufficient memory for the Java Runtime Environment to continue.
# Native memory allocation (malloc) failed to allocate 32744 bytes for ChunkPool::allocate
# Possible reasons:
#   The system is out of physical RAM or swap space
#   In 32 bit mode, the process size limit was hit
# Possible solutions:
#   Reduce memory load on the system
#   Increase physical memory or swap space
#   Check if swap backing store is full
#   Use 64 bit Java on a 64 bit OS
#   Decrease Java heap size (-Xmx/-Xms)
#   Decrease number of Java threads
#   Decrease Java thread stack sizes (-Xss)
#   Set larger code cache with -XX:ReservedCodeCacheSize=
# This output file may be truncated or incomplete.
#
#  Out of Memory Error (allocation.cpp:273), pid=9664, tid=0x00000000000009c0
#
# JRE version: Java(TM) SE Runtime Environment (8.0_111-b14) (build 1.8.0_111-b14)
# Java VM: Java HotSpot(TM) 64-Bit Server VM (25.111-b14 mixed mode windows-amd64 compressed oops)
# Failed to write core dump. Minidumps are not enabled by default on client versions of Windows
#

---------------  T H R E A D  ---------------

Current thread (0x0000000016e54800):  JavaThread "C1 CompilerThread2" daemon [_thread_in_native, id=2496, stack(0x0000000018980000,0x0000000018a80000)]

Stack: [0x0000000018980000,0x0000000018a80000]
[error occurred during error reporting (printing stack bounds), id 0xc0000005]

Native frames: (J=compiled Java code, j=interpreted, Vv=VM code, C=native code)


Current CompileTask:
C1:  74353 4915       1       com.sun.crypto.provider.AESCrypt::
[error occurred during error reporting (printing current compile task), id 0xe0000001]


---------------  P R O C E S S  ---------------

Java Threads: ( => current thread )
  0x000000001cbd8000 JavaThread "Druid-ConnectionPool-Destroy-1612512677" daemon [_thread_blocked, id=7068, stack(0x000000001f2d0000,0x000000001f3d0000)]
  0x000000001cbd9000 JavaThread "Druid-ConnectionPool-Create-1612512677" daemon [_thread_blocked, id=1044, stack(0x000000001f1d0000,0x000000001f2d0000)]
  0x000000001cbd7800 JavaThread "Abandoned connection cleanup thread" daemon [_thread_blocked, id=1544, stack(0x000000001f0d0000,0x000000001f1d0000)]
  0x000000001cbd2000 JavaThread "Scheduler-289416368" [_thread_blocked, id=9612, stack(0x000000001edd0000,0x000000001eed0000)]
  0x000000001cbd5000 JavaThread "DiscoveryClient-2" daemon [_thread_blocked, id=5332, stack(0x000000001ecd0000,0x000000001edd0000)]
  0x000000001cbd1800 JavaThread "DiscoveryClient-HeartbeatExecutor-0" daemon [_thread_blocked, id=2688, stack(0x000000001ebd0000,0x000000001ecd0000)]
  0x000000001cbd4800 JavaThread "DiscoveryClient-CacheRefreshExecutor-0" daemon [_thread_blocked, id=1972, stack(0x000000001ead0000,0x000000001ebd0000)]
  0x000000001cbd3800 JavaThread "DestroyJavaVM" [_thread_blocked, id=396, stack(0x00000000020b0000,0x00000000021b0000)]
  0x000000001cbd3000 JavaThread "DiscoveryClient-InstanceInfoReplicator-0" daemon [_thread_blocked, id=12824, stack(0x000000001e9d0000,0x000000001ead0000)]
  0x000000001a946800 JavaThread "DiscoveryClient-1" daemon [_thread_blocked, id=9028, stack(0x000000001e8d0000,0x000000001e9d0000)]
  0x000000001a945800 JavaThread "DiscoveryClient-0" daemon [_thread_blocked, id=10208, stack(0x000000001e7d0000,0x000000001e8d0000)]
  0x000000001a945000 JavaThread "AsyncResolver-bootstrap-0" daemon [_thread_blocked, id=8104, stack(0x000000001e3d0000,0x000000001e4d0000)]
  0x000000001a947000 JavaThread "Eureka-JerseyClient-Conn-Cleaner2" daemon [_thread_blocked, id=11656, stack(0x000000001e2d0000,0x000000001e3d0000)]
  0x000000001a948000 JavaThread "Eureka-JerseyClient-Conn-Cleaner2" daemon [_thread_blocked, id=11392, stack(0x000000001e1d0000,0x000000001e2d0000)]
  0x000000001a941000 JavaThread "File Watcher" daemon [_thread_blocked, id=8244, stack(0x000000001dcd0000,0x000000001ddd0000)]
  0x000000001a944000 JavaThread "spring.cloud.inetutils" daemon [_thread_blocked, id=9396, stack(0x000000001d9d0000,0x000000001dad0000)]
  0x000000001a943000 JavaThread "Scheduler-818548928" [_thread_blocked, id=7496, stack(0x000000001c500000,0x000000001c600000)]
  0x000000001a942800 JavaThread "qtp1798231739-28" [_thread_blocked, id=1548, stack(0x000000001c300000,0x000000001c400000)]
  0x000000001a941800 JavaThread "qtp1798231739-27" [_thread_blocked, id=3516, stack(0x000000001c200000,0x000000001c300000)]
  0x000000001a11f000 JavaThread "qtp1798231739-26" [_thread_blocked, id=7008, stack(0x000000001c100000,0x000000001c200000)]
  0x000000001a940000 JavaThread "qtp1798231739-25" [_thread_in_native, id=4716, stack(0x000000001c000000,0x000000001c100000)]
  0x000000001a93f800 JavaThread "qtp1798231739-24" [_thread_blocked, id=2000, stack(0x000000001bf00000,0x000000001c000000)]
  0x000000001a93e800 JavaThread "qtp1798231739-23" [_thread_blocked, id=6160, stack(0x000000001be00000,0x000000001bf00000)]
  0x000000001a93e000 JavaThread "qtp1798231739-22-acceptor-0@d38819a-ServerConnector@2688e62c{HTTP/1.1,[http/1.1]}{0.0.0.0:8001}" [_thread_in_native, id=2484, stack(0x000000001bd00000,0x000000001be00000)]
  0x000000001a93d800 JavaThread "qtp1798231739-21" [_thread_blocked, id=4492, stack(0x000000001ac00000,0x000000001ad00000)]
  0x0000000019129000 JavaThread "RMI TCP Accept-0" daemon [_thread_in_native, id=5736, stack(0x00000000195d0000,0x00000000196d0000)]
  0x000000001906d000 JavaThread "RMI TCP Accept-12165" daemon [_thread_in_native, id=6184, stack(0x00000000194d0000,0x00000000195d0000)]
  0x000000001904c000 JavaThread "RMI TCP Accept-0" daemon [_thread_in_native, id=204, stack(0x00000000193d0000,0x00000000194d0000)]
  0x0000000018230000 JavaThread "Service Thread" daemon [_thread_blocked, id=12876, stack(0x0000000018a80000,0x0000000018b80000)]
=>0x0000000016e54800 JavaThread "C1 CompilerThread2" daemon [_thread_in_native, id=2496, stack(0x0000000018980000,0x0000000018a80000)]
  0x0000000016e50800 JavaThread "C2 CompilerThread1" daemon [_thread_blocked, id=8480, stack(0x0000000018880000,0x0000000018980000)]
  0x0000000016e4c000 JavaThread "C2 CompilerThread0" daemon [_thread_blocked, id=9068, stack(0x0000000018780000,0x0000000018880000)]
  0x00000000181c3000 JavaThread "Attach Listener" daemon [_thread_blocked, id=10552, stack(0x0000000018680000,0x0000000018780000)]
  0x00000000181c2800 JavaThread "Signal Dispatcher" daemon [_thread_blocked, id=7048, stack(0x0000000018580000,0x0000000018680000)]
  0x00000000022ae800 JavaThread "Finalizer" daemon [_thread_blocked, id=5372, stack(0x0000000018080000,0x0000000018180000)]
  0x00000000022a9000 JavaThread "Reference Handler" daemon [_thread_blocked, id=3076, stack(0x0000000017f80000,0x0000000018080000)]

Other Threads:
  0x0000000016de7000 VMThread [stack: 0x0000000017e80000,0x0000000017f80000] [id=5108]
  0x000000001912c000 WatcherThread [stack: 0x00000000196d0000,0x00000000197d0000] [id=7080]

VM state:not at safepoint (normal execution)

VM Mutex/Monitor currently owned by a thread: None

Heap:
 PSYoungGen      total 430592K, used 215036K [0x00000000d5c00000, 0x00000000f2580000, 0x0000000100000000)
  eden space 420352K, 48% used [0x00000000d5c00000,0x00000000e2445bc8,0x00000000ef680000)
  from space 10240K, 97% used [0x00000000f1b80000,0x00000000f25394a8,0x00000000f2580000)
  to   space 16896K, 0% used [0x00000000f0480000,0x00000000f0480000,0x00000000f1500000)
 ParOldGen       total 98816K, used 23281K [0x0000000081400000, 0x0000000087480000, 0x00000000d5c00000)
  object space 98816K, 23% used [0x0000000081400000,0x0000000082abc7e8,0x0000000087480000)
 Metaspace       used 47486K, capacity 48246K, committed 48728K, reserved 1091584K
  class space    used 6221K, capacity 6441K, committed 6528K, reserved 1048576K

Card table byte_map: [0x0000000011670000,0x0000000011a70000] byte_map_base: 0x0000000011266000

Marking Bits: (ParMarkBitMap*) 0x000000005e17a6c0
 Begin Bits: [0x0000000012120000, 0x00000000140d0000)
 End Bits:   [0x00000000140d0000, 0x0000000016080000)

Polling page: 0x0000000000440000

CodeCache: size=245760Kb used=9843Kb max_used=9843Kb free=235916Kb
 bounds [0x00000000022b0000, 0x0000000002c50000, 0x00000000112b0000]
 total_blobs=5348 nmethods=4809 adapters=451
 compilation: enabled

Compilation events (10 events):
Event: 74.325 Thread 0x0000000016e54800 nmethod 4913 0x0000000002c4cf10 code [0x0000000002c4d0e0, 0x0000000002c4d618]
Event: 74.325 Thread 0x0000000016e54800 4912       1       java.util.StringTokenizer::setMaxDelimCodePoint (156 bytes)
Event: 74.326 Thread 0x0000000016e54800 nmethod 4912 0x0000000002c4db10 code [0x0000000002c4dca0, 0x0000000002c4e088]
Event: 74.326 Thread 0x0000000016e54800 4911       1       java.util.StringTokenizer::<init> (52 bytes)
Event: 74.326 Thread 0x0000000016e54800 nmethod 4911 0x0000000002c4e390 code [0x0000000002c4e500, 0x0000000002c4e688]
Event: 74.326 Thread 0x0000000016e54800 4914       1       java.util.StringTokenizer::<init> (8 bytes)
Event: 74.326 Thread 0x0000000016e54800 nmethod 4914 0x0000000002c4e790 code [0x0000000002c4e8e0, 0x0000000002c4ea08]
Event: 74.326 Thread 0x0000000016e54800 4910       1       org.springframework.web.context.request.ServletRequestAttributes::getRequest (5 bytes)
Event: 74.326 Thread 0x0000000016e54800 nmethod 4910 0x0000000002c4ea90 code [0x0000000002c4ebe0, 0x0000000002c4ecf0]
Event: 74.327 Thread 0x0000000016e54800 4915       1       com.sun.crypto.provider.AESCrypt::decryptBlock (3852 bytes)

GC Heap History (10 events):
Event: 7.915 GC heap before
{Heap before GC invocations=8 (full 1):
 PSYoungGen      total 211968K, used 211719K [0x00000000d5c00000, 0x00000000e7000000, 0x0000000100000000)
  eden space 206848K, 100% used [0x00000000d5c00000,0x00000000e2600000,0x00000000e2600000)
  from space 5120K, 95% used [0x00000000e6b00000,0x00000000e6fc1f50,0x00000000e7000000)
  to   space 11264K, 0% used [0x00000000e5a00000,0x00000000e5a00000,0x00000000e6500000)
 ParOldGen       total 60928K, used 8524K [0x0000000081400000, 0x0000000084f80000, 0x00000000d5c00000)
  object space 60928K, 13% used [0x0000000081400000,0x0000000081c53058,0x0000000084f80000)
 Metaspace       used 25831K, capacity 26188K, committed 26368K, reserved 1073152K
  class space    used 3391K, capacity 3498K, committed 3584K, reserved 1048576K
Event: 7.953 GC heap after
Heap after GC invocations=8 (full 1):
 PSYoungGen      total 271360K, used 8663K [0x00000000d5c00000, 0x00000000eb200000, 0x0000000100000000)
  eden space 260096K, 0% used [0x00000000d5c00000,0x00000000d5c00000,0x00000000e5a00000)
  from space 11264K, 76% used [0x00000000e5a00000,0x00000000e6275cd0,0x00000000e6500000)
  to   space 11776K, 0% used [0x00000000ea680000,0x00000000ea680000,0x00000000eb200000)
 ParOldGen       total 60928K, used 8532K [0x0000000081400000, 0x0000000084f80000, 0x00000000d5c00000)
  object space 60928K, 14% used [0x0000000081400000,0x0000000081c55058,0x0000000084f80000)
 Metaspace       used 25831K, capacity 26188K, committed 26368K, reserved 1073152K
  class space    used 3391K, capacity 3498K, committed 3584K, reserved 1048576K
}
Event: 10.621 GC heap before
{Heap before GC invocations=9 (full 1):
 PSYoungGen      total 271360K, used 268759K [0x00000000d5c00000, 0x00000000eb200000, 0x0000000100000000)
  eden space 260096K, 100% used [0x00000000d5c00000,0x00000000e5a00000,0x00000000e5a00000)
  from space 11264K, 76% used [0x00000000e5a00000,0x00000000e6275cd0,0x00000000e6500000)
  to   space 11776K, 0% used [0x00000000ea680000,0x00000000ea680000,0x00000000eb200000)
 ParOldGen       total 60928K, used 8532K [0x0000000081400000, 0x0000000084f80000, 0x00000000d5c00000)
  object space 60928K, 14% used [0x0000000081400000,0x0000000081c55058,0x0000000084f80000)
 Metaspace       used 33890K, capacity 34346K, committed 34688K, reserved 1079296K
  class space    used 4465K, capacity 4621K, committed 4736K, reserved 1048576K
Event: 10.649 GC heap after
Heap after GC invocations=9 (full 1):
 PSYoungGen      total 333312K, used 11755K [0x00000000d5c00000, 0x00000000f0680000, 0x0000000100000000)
  eden space 321536K, 0% used [0x00000000d5c00000,0x00000000d5c00000,0x00000000e9600000)
  from space 11776K, 99% used [0x00000000ea680000,0x00000000eb1fad80,0x00000000eb200000)
  to   space 16896K, 0% used [0x00000000e9600000,0x00000000e9600000,0x00000000ea680000)
 ParOldGen       total 60928K, used 16549K [0x0000000081400000, 0x0000000084f80000, 0x00000000d5c00000)
  object space 60928K, 27% used [0x0000000081400000,0x0000000082429558,0x0000000084f80000)
 Metaspace       used 33890K, capacity 34346K, committed 34688K, reserved 1079296K
  class space    used 4465K, capacity 4621K, committed 4736K, reserved 1048576K
}
Event: 11.145 GC heap before
{Heap before GC invocations=10 (full 1):
 PSYoungGen      total 333312K, used 93930K [0x00000000d5c00000, 0x00000000f0680000, 0x0000000100000000)
  eden space 321536K, 25% used [0x00000000d5c00000,0x00000000dac3fb88,0x00000000e9600000)
  from space 11776K, 99% used [0x00000000ea680000,0x00000000eb1fad80,0x00000000eb200000)
  to   space 16896K, 0% used [0x00000000e9600000,0x00000000e9600000,0x00000000ea680000)
 ParOldGen       total 60928K, used 16549K [0x0000000081400000, 0x0000000084f80000, 0x00000000d5c00000)
  object space 60928K, 27% used [0x0000000081400000,0x0000000082429558,0x0000000084f80000)
 Metaspace       used 34656K, capacity 35158K, committed 35416K, reserved 1079296K
  class space    used 4562K, capacity 4719K, committed 4736K, reserved 1048576K
Event: 11.164 GC heap after
Heap after GC invocations=10 (full 1):
 PSYoungGen      total 338432K, used 12646K [0x00000000d5c00000, 0x00000000f2c80000, 0x0000000100000000)
  eden space 321536K, 0% used [0x00000000d5c00000,0x00000000d5c00000,0x00000000e9600000)
  from space 16896K, 74% used [0x00000000e9600000,0x00000000ea259ba0,0x00000000ea680000)
  to   space 17408K, 0% used [0x00000000f1b80000,0x00000000f1b80000,0x00000000f2c80000)
 ParOldGen       total 60928K, used 18386K [0x0000000081400000, 0x0000000084f80000, 0x00000000d5c00000)
  object space 60928K, 30% used [0x0000000081400000,0x00000000825f4930,0x0000000084f80000)
 Metaspace       used 34656K, capacity 35158K, committed 35416K, reserved 1079296K
  class space    used 4562K, capacity 4719K, committed 4736K, reserved 1048576K
}
Event: 11.164 GC heap before
{Heap before GC invocations=11 (full 2):
 PSYoungGen      total 338432K, used 12646K [0x00000000d5c00000, 0x00000000f2c80000, 0x0000000100000000)
  eden space 321536K, 0% used [0x00000000d5c00000,0x00000000d5c00000,0x00000000e9600000)
  from space 16896K, 74% used [0x00000000e9600000,0x00000000ea259ba0,0x00000000ea680000)
  to   space 17408K, 0% used [0x00000000f1b80000,0x00000000f1b80000,0x00000000f2c80000)
 ParOldGen       total 60928K, used 18386K [0x0000000081400000, 0x0000000084f80000, 0x00000000d5c00000)
  object space 60928K, 30% used [0x0000000081400000,0x00000000825f4930,0x0000000084f80000)
 Metaspace       used 34656K, capacity 35158K, committed 35416K, reserved 1079296K
  class space    used 4562K, capacity 4719K, committed 4736K, reserved 1048576K
Event: 11.309 GC heap after
Heap after GC invocations=11 (full 2):
 PSYoungGen      total 338432K, used 0K [0x00000000d5c00000, 0x00000000f2c80000, 0x0000000100000000)
  eden space 321536K, 0% used [0x00000000d5c00000,0x00000000d5c00000,0x00000000e9600000)
  from space 16896K, 0% used [0x00000000e9600000,0x00000000e9600000,0x00000000ea680000)
  to   space 17408K, 0% used [0x00000000f1b80000,0x00000000f1b80000,0x00000000f2c80000)
 ParOldGen       total 98816K, used 23273K [0x0000000081400000, 0x0000000087480000, 0x00000000d5c00000)
  object space 98816K, 23% used [0x0000000081400000,0x0000000082aba7e8,0x0000000087480000)
 Metaspace       used 34656K, capacity 35158K, committed 35416K, reserved 1079296K
  class space    used 4562K, capacity 4719K, committed 4736K, reserved 1048576K
}
Event: 13.217 GC heap before
{Heap before GC invocations=12 (full 2):
 PSYoungGen      total 338432K, used 321536K [0x00000000d5c00000, 0x00000000f2c80000, 0x0000000100000000)
  eden space 321536K, 100% used [0x00000000d5c00000,0x00000000e9600000,0x00000000e9600000)
  from space 16896K, 0% used [0x00000000e9600000,0x00000000e9600000,0x00000000ea680000)
  to   space 17408K, 0% used [0x00000000f1b80000,0x00000000f1b80000,0x00000000f2c80000)
 ParOldGen       total 98816K, used 23273K [0x0000000081400000, 0x0000000087480000, 0x00000000d5c00000)
  object space 98816K, 23% used [0x0000000081400000,0x0000000082aba7e8,0x0000000087480000)
 Metaspace       used 37116K, capacity 37772K, committed 37848K, reserved 1081344K
  class space    used 4903K, capacity 5064K, committed 5120K, reserved 1048576K
Event: 13.235 GC heap after
Heap after GC invocations=12 (full 2):
 PSYoungGen      total 430592K, used 9957K [0x00000000d5c00000, 0x00000000f2580000, 0x0000000100000000)
  eden space 420352K, 0% used [0x00000000d5c00000,0x00000000d5c00000,0x00000000ef680000)
  from space 10240K, 97% used [0x00000000f1b80000,0x00000000f25394a8,0x00000000f2580000)
  to   space 16896K, 0% used [0x00000000f0480000,0x00000000f0480000,0x00000000f1500000)
 ParOldGen       total 98816K, used 23281K [0x0000000081400000, 0x0000000087480000, 0x00000000d5c00000)
  object space 98816K, 23% used [0x0000000081400000,0x0000000082abc7e8,0x0000000087480000)
 Metaspace       used 37116K, capacity 37772K, committed 37848K, reserved 1081344K
  class space    used 4903K, capacity 5064K, committed 5120K, reserved 1048576K
}

Deoptimization events (0 events):
No events

Internal exceptions (10 events):
Event: 14.642 Thread 0x000000001a00d800 Exception <a 'java/lang/ClassNotFoundException': org/springframework/web/servlet/view/DefaultRequestToViewNameTranslatorCustomizer> (0x00000000db6ec7a0) thrown at [C:\re\workspace\8-2-build-windows-amd64-cygwin\jdk8u111\7883\hotspot\src\share\vm\classfile
Event: 14.643 Thread 0x000000001a00d800 Exception <a 'java/lang/ClassNotFoundException': org/springframework/web/servlet/RequestToViewNameTranslatorCustomizer> (0x00000000db730430) thrown at [C:\re\workspace\8-2-build-windows-amd64-cygwin\jdk8u111\7883\hotspot\src\share\vm\classfile\systemDicti
Event: 14.648 Thread 0x000000001a00d800 Exception <a 'java/lang/ClassNotFoundException': java/lang/ObjectCustomizer> (0x00000000db793e90) thrown at [C:\re\workspace\8-2-build-windows-amd64-cygwin\jdk8u111\7883\hotspot\src\share\vm\classfile\systemDictionary.cpp, line 210]
Event: 14.649 Thread 0x000000001a00d800 Exception <a 'java/lang/ClassNotFoundException': org/springframework/web/servlet/support/AbstractFlashMapManagerCustomizer> (0x00000000db7cb278) thrown at [C:\re\workspace\8-2-build-windows-amd64-cygwin\jdk8u111\7883\hotspot\src\share\vm\classfile\systemD
Event: 14.650 Thread 0x000000001a00d800 Exception <a 'java/lang/ClassNotFoundException': org/springframework/web/servlet/support/SessionFlashMapManagerCustomizer> (0x00000000db806500) thrown at [C:\re\workspace\8-2-build-windows-amd64-cygwin\jdk8u111\7883\hotspot\src\share\vm\classfile\systemDi
Event: 14.651 Thread 0x000000001a00d800 Exception <a 'java/lang/ClassNotFoundException': org/springframework/web/servlet/FlashMapManagerCustomizer> (0x00000000db834c00) thrown at [C:\re\workspace\8-2-build-windows-amd64-cygwin\jdk8u111\7883\hotspot\src\share\vm\classfile\systemDictionary.cpp, l
Event: 44.435 Thread 0x000000001cbd4800 Exception <a 'java/lang/ArrayIndexOutOfBoundsException'> (0x00000000ddf89808) thrown at [C:\re\workspace\8-2-build-windows-amd64-cygwin\jdk8u111\7883\hotspot\src\share\vm\runtime\sharedRuntime.cpp, line 605]
Event: 68.400 Thread 0x000000001a93f800 Exception <a 'java/lang/ArrayIndexOutOfBoundsException'> (0x00000000df483d70) thrown at [C:\re\workspace\8-2-build-windows-amd64-cygwin\jdk8u111\7883\hotspot\src\share\vm\runtime\sharedRuntime.cpp, line 605]
Event: 68.989 Thread 0x000000001a93f800 Exception <a 'java/io/IOException'> (0x00000000e15078d8) thrown at [C:\re\workspace\8-2-build-windows-amd64-cygwin\jdk8u111\7883\hotspot\src\share\vm\prims\jni.cpp, line 709]
Event: 71.462 Thread 0x000000001a93d800 Exception <a 'java/io/IOException'> (0x00000000dee277c8) thrown at [C:\re\workspace\8-2-build-windows-amd64-cygwin\jdk8u111\7883\hotspot\src\share\vm\prims\jni.cpp, line 709]

Events (10 events):
Event: 71.460 Executing VM operation: RevokeBias
Event: 71.460 Executing VM operation: RevokeBias done
Event: 71.460 Executing VM operation: RevokeBias
Event: 71.461 Executing VM operation: RevokeBias done
Event: 71.461 Executing VM operation: RevokeBias
Event: 71.461 Executing VM operation: RevokeBias done
Event: 73.796 Executing VM operation: RevokeBias
Event: 73.796 Executing VM operation: RevokeBias done
Event: 73.796 Executing VM operation: RevokeBias
Event: 73.796 Executing VM operation: RevokeBias done


Dynamic libraries:
0x00007ff715420000 - 0x00007ff715457000 	D:\Develop\Java\jre\bin\javaw.exe
0x00007ffe26b90000 - 0x00007ffe26d3a000 	C:\windows\SYSTEM32\ntdll.dll
0x00007ffe248e0000 - 0x00007ffe24a1a000 	C:\windows\system32\KERNEL32.DLL
0x00007ffe24020000 - 0x00007ffe24130000 	C:\windows\system32\KERNELBASE.dll
0x00007ffe22ad0000 - 0x00007ffe22b58000 	C:\windows\system32\apphelp.dll
0x00007ffe21360000 - 0x00007ffe213af000 	C:\windows\AppPatch\AppPatch64\AcGenral.DLL
0x00007ffe26250000 - 0x00007ffe262f7000 	C:\windows\system32\msvcrt.dll
0x00007ffe23be0000 - 0x00007ffe23c0b000 	C:\windows\SYSTEM32\SspiCli.dll
0x00007ffe24a20000 - 0x00007ffe24a71000 	C:\windows\system32\SHLWAPI.dll
0x00007ffe264e0000 - 0x00007ffe26651000 	C:\windows\system32\USER32.dll
0x00007ffe266c0000 - 0x00007ffe26838000 	C:\windows\system32\ole32.dll
0x00007ffe24e30000 - 0x00007ffe26247000 	C:\windows\system32\SHELL32.dll
0x00007ffe234b0000 - 0x00007ffe234cf000 	C:\windows\SYSTEM32\USERENV.dll
0x00007ffe24530000 - 0x00007ffe245d5000 	C:\windows\system32\ADVAPI32.dll
0x00007ffe1b7b0000 - 0x00007ffe1b7cb000 	C:\windows\SYSTEM32\MPR.dll
0x00007ffe26300000 - 0x00007ffe26436000 	C:\windows\system32\RPCRT4.dll
0x00007ffe244d0000 - 0x00007ffe24527000 	C:\windows\SYSTEM32\sechost.dll
0x00007ffe245e0000 - 0x00007ffe247b6000 	C:\windows\SYSTEM32\combase.dll
0x00007ffe268f0000 - 0x00007ffe26a35000 	C:\windows\system32\GDI32.dll
0x00007ffe23f00000 - 0x00007ffe23f14000 	C:\windows\SYSTEM32\profapi.dll
0x00007ffe22500000 - 0x00007ffe2259f000 	C:\windows\SYSTEM32\SHCORE.dll
0x00007ffe24410000 - 0x00007ffe24444000 	C:\windows\system32\IMM32.DLL
0x00007ffe26a50000 - 0x00007ffe26b89000 	C:\windows\system32\MSCTF.dll
0x00007ffe23ec0000 - 0x00007ffe23ef0000 	C:\windows\system32\nvinitx.dll
0x00007ffe23eb0000 - 0x00007ffe23eba000 	C:\windows\SYSTEM32\VERSION.dll
0x0000000061ad0000 - 0x0000000061ad6000 	C:\Program Files\NVIDIA Corporation\CoProcManager\_etoured.dll
0x00007ffe212a0000 - 0x00007ffe212d8000 	C:\Program Files\NVIDIA Corporation\CoProcManager\nvd3d9wrapx.dll
0x00007ffe24c50000 - 0x00007ffe24e24000 	C:\windows\system32\SETUPAPI.dll
0x00007ffe23fd0000 - 0x00007ffe2401a000 	C:\windows\system32\CFGMGR32.dll
0x00007ffe21e50000 - 0x00007ffe21e74000 	C:\Program Files\NVIDIA Corporation\CoProcManager\nvdxgiwrapx.dll
0x00007ffe220d0000 - 0x00007ffe2232a000 	C:\windows\WinSxS\amd64_microsoft.windows.common-controls_6595b64144ccf1df_6.0.9600.17031_none_6242a4b3ecbb55a1\COMCTL32.dll
0x000000005f030000 - 0x000000005f102000 	D:\Develop\Java\jre\bin\msvcr100.dll
0x000000005d960000 - 0x000000005e1fa000 	D:\Develop\Java\jre\bin\server\jvm.dll
0x00007ffe1a780000 - 0x00007ffe1a789000 	C:\windows\SYSTEM32\WSOCK32.dll
0x00007ffe20e00000 - 0x00007ffe20e1f000 	C:\windows\SYSTEM32\WINMM.dll
0x00007ffe244b0000 - 0x00007ffe244b7000 	C:\windows\system32\PSAPI.DLL
0x00007ffe24450000 - 0x00007ffe244a8000 	C:\windows\system32\WS2_32.dll
0x00007ffe1e630000 - 0x00007ffe1e65a000 	C:\windows\SYSTEM32\WINMMBASE.dll
0x00007ffe24c20000 - 0x00007ffe24c29000 	C:\windows\system32\NSI.dll
0x00007ffe22d30000 - 0x00007ffe22d56000 	C:\windows\SYSTEM32\DEVOBJ.dll
0x000000005f020000 - 0x000000005f02f000 	D:\Develop\Java\jre\bin\verify.dll
0x000000005eff0000 - 0x000000005f019000 	D:\Develop\Java\jre\bin\java.dll
0x000000005efd0000 - 0x000000005efe6000 	D:\Develop\Java\jre\bin\zip.dll
0x000000005efc0000 - 0x000000005efcd000 	D:\Develop\Java\jre\bin\management.dll
0x000000005efa0000 - 0x000000005efba000 	D:\Develop\Java\jre\bin\net.dll
0x00007ffe23700000 - 0x00007ffe23758000 	C:\windows\system32\mswsock.dll
0x000000005ef80000 - 0x000000005ef91000 	D:\Develop\Java\jre\bin\nio.dll
0x00007ffe1b550000 - 0x00007ffe1b564000 	C:\windows\system32\napinsp.dll
0x00007ffe1b530000 - 0x00007ffe1b549000 	C:\windows\system32\pnrpnsp.dll
0x00007ffe20b00000 - 0x00007ffe20b19000 	C:\windows\system32\NLAapi.dll
0x00007ffe23510000 - 0x00007ffe235b3000 	C:\windows\SYSTEM32\DNSAPI.dll
0x00007ffe1b760000 - 0x00007ffe1b76c000 	C:\windows\System32\winrnr.dll
0x00007ffe1b510000 - 0x00007ffe1b523000 	C:\windows\system32\wshbth.dll
0x00007ffe128f0000 - 0x00007ffe129fd000 	C:\windows\SysWOW64\ierd_tgp_lsp64.dll
0x00007ffe1a760000 - 0x00007ffe1a769000 	C:\Windows\System32\rasadhlp.dll
0x00007ffe1ee10000 - 0x00007ffe1ee39000 	C:\windows\SYSTEM32\IPHLPAPI.DLL
0x00007ffe1edf0000 - 0x00007ffe1edfa000 	C:\windows\SYSTEM32\WINNSI.DLL
0x00007ffe1ea60000 - 0x00007ffe1eac7000 	C:\windows\System32\fwpuclnt.dll
0x00007ffe23760000 - 0x00007ffe2377e000 	C:\windows\SYSTEM32\CRYPTSP.dll
0x00007ffe233a0000 - 0x00007ffe233d5000 	C:\windows\system32\rsaenh.dll
0x00007ffe23a60000 - 0x00007ffe23a86000 	C:\windows\SYSTEM32\bcrypt.dll
0x00007ffe23da0000 - 0x00007ffe23e00000 	C:\windows\system32\bcryptprimitives.dll
0x00007ffe23e00000 - 0x00007ffe23e0a000 	C:\windows\SYSTEM32\CRYPTBASE.dll
0x00007ffe1ea30000 - 0x00007ffe1ea44000 	C:\windows\SYSTEM32\dhcpcsvc6.DLL
0x00007ffe1ea10000 - 0x00007ffe1ea29000 	C:\windows\SYSTEM32\dhcpcsvc.DLL
0x000000005ef50000 - 0x000000005ef74000 	D:\Develop\Java\jre\bin\sunec.dll
0x000000005ef40000 - 0x000000005ef4b000 	D:\Develop\Java\jre\bin\sunmscapi.dll
0x00007ffe24230000 - 0x00007ffe24407000 	C:\windows\system32\CRYPT32.dll
0x000000001f3d0000 - 0x000000001f3e2000 	C:\windows\system32\MSASN1.dll

VM Arguments:
jvm_args: -Dcom.sun.management.jmxremote -Dcom.sun.management.jmxremote.port=12165 -Dcom.sun.management.jmxremote.authenticate=false -Dcom.sun.management.jmxremote.ssl=false -Djava.rmi.server.hostname=localhost -Dspring.jmx.enabled=true -Dspring.application.admin.enabled=true -Xverify:none -XX:TieredStopAtLevel=1 -Dfile.encoding=UTF-8 
java_command: com.ygt.springcloud.DeptProvider8001_App
java_class_path (initial): D:\code\eclipseWorkSpace\microservicecloud\microservicecloud-provider-dept-8001\target\classes;D:\code\eclipseWorkSpace\microservicecloud\microservicecloud-api\target\classes;C:\Users\john\.m2\repository\org\projectlombok\lombok\1.16.18\lombok-1.16.18.jar;D:\Develop\repository\org\projectlombok\lombok\1.16.18\lombok-1.16.18.jar;D:\Develop\repository\org\springframework\boot\spring-boot-starter-actuator\1.5.9.RELEASE\spring-boot-starter-actuator-1.5.9.RELEASE.jar;D:\Develop\repository\org\springframework\boot\spring-boot-starter\1.5.9.RELEASE\spring-boot-starter-1.5.9.RELEASE.jar;D:\Develop\repository\org\springframework\boot\spring-boot-starter-logging\1.5.9.RELEASE\spring-boot-starter-logging-1.5.9.RELEASE.jar;D:\Develop\repository\ch\qos\logback\logback-classic\1.1.11\logback-classic-1.1.11.jar;D:\Develop\repository\org\slf4j\jcl-over-slf4j\1.7.25\jcl-over-slf4j-1.7.25.jar;D:\Develop\repository\org\slf4j\jul-to-slf4j\1.7.25\jul-to-slf4j-1.7.25.jar;D:\Develop\repository\org\slf4j\log4j-over-slf4j\1.7.25\log4j-over-slf4j-1.7.25.jar;D:\Develop\repository\org\yaml\snakeyaml\1.17\snakeyaml-1.17.jar;D:\Develop\repository\org\springframework\boot\spring-boot-actuator\1.5.9.RELEASE\spring-boot-actuator-1.5.9.RELEASE.jar;D:\Develop\repository\org\springframework\spring-context\4.3.13.RELEASE\spring-context-4.3.13.RELEASE.jar;D:\Develop\repository\org\springframework\cloud\spring-cloud-starter-eureka\1.3.1.RELEASE\spring-cloud-starter-eureka-1.3.1.RELEASE.jar;D:\Develop\repository\org\springframework\cloud\spring-cloud-starter\1.2.2.RELEASE\spring-cloud-starter-1.2.2.RELEASE.jar;D:\Develop\repository\org\springframework\cloud\spring-cloud-context\1.2.2.RELEASE\spring-cloud-context-1.2.2.RELEASE.jar;D:\Develop\repository\org\springframework\security\spring-security-crypto\4.2.3.RELEASE\spring-security-crypto-4.2.3.RELEASE.jar;D:\Develop\repository\org\springframework\cloud\spring-cloud-commons\1.2.2.RELEASE\spring-cloud-commons-1.2.2.RELEASE.jar;
Launcher Type: SUN_STANDARD

Environment Variables:
JAVA_HOME=D:\Develop\Java
PATH=D:/Develop/java1.8/bin/server;D:/Develop/java1.8/bin;D:/Develop/java1.8/lib/amd64;C:\ProgramData\Oracle\Java\javapath;C:\Program Files\Common Files\Siemens\Automation\Simatic OAM\bin;D:\python\37\Scripts\;D:\python\37\;C:\Program Files (x86)\Intel\iCLS Client\;C:\Program Files\Intel\iCLS Client\;C:\windows\system32;C:\windows;C:\windows\System32\Wbem;C:\windows\System32\WindowsPowerShell\v1.0\;C:\Program Files\Intel\Intel(R) Management Engine Components\DAL;C:\Program Files\Intel\Intel(R) Management Engine Components\IPT;C:\Program Files (x86)\Intel\Intel(R) Management Engine Components\DAL;C:\Program Files (x86)\Intel\Intel(R) Management Engine Components\IPT;C:\Program Files\Lenovo\Bluetooth Software\;C:\Program Files\Lenovo\Bluetooth Software\syswow64;C:\Program Files (x86)\Lenovo\Lenovo Home\;C:\Program Files (x86)\NVIDIA Corporation\PhysX\Common;D:\python\python27\gnuplot\binary;D:\QQ\Bin;D:\°ì¹«\Î¢ÐÅ\WeChat;D:\Develop\Java\bin;D:\Develop\apache-tomcat-8.5.37\lib;D:\Develop\apache-tomcat-8.5.37\bin;C:\Program Files\MySQL\MySQL Server 8.0\bin;C:\Program Files (x86)\Microsoft SQL Server\100\Tools\Binn\;C:\Program Files\Microsoft SQL Server\100\Tools\Binn\;C:\Program Files\Microsoft SQL Server\100\DTS\Binn\;D:\Develop\apache-maven-3.6.0\bin;D:\Develop\Redis;D:\Develop\nodejs\;D:\Develop\nodejs;D:\Develop\erlang\erl10.3\bin;D:\VSc++\Common\Tools\WinNT;D:\VSc++\Common\MSDev98\Bin;D:\VSc++\Common\Tools;D:\VSc++\VC98\bin;C:\Users\john\AppData\Roaming\npm;D:\Develop\eclipse;
USERNAME=john
OS=Windows_NT
PROCESSOR_IDENTIFIER=Intel64 Family 6 Model 60 Stepping 3, GenuineIntel



---------------  S Y S T E M  ---------------

OS: Windows 8.1 , 64 bit Build 9600 (6.3.9600.17031)

CPU:total 4 (2 cores per cpu, 2 threads per core) family 6 model 60 stepping 3, cmov, cx8, fxsr, mmx, sse, sse2, sse3, ssse3, sse4.1, sse4.2, popcnt, avx, avx2, aes, clmul, erms, lzcnt, ht, tsc, tscinvbit, bmi1, bmi2

Memory: 4k page, physical 8298776k(1700468k free), swap 10346776k(144852k free)

vm_info: Java HotSpot(TM) 64-Bit Server VM (25.111-b14) for windows-amd64 JRE (1.8.0_111-b14), built on Sep 22 2016 19:24:05 by "java_re" with MS VC++ 10.0 (VS2010)

time: Sun May 26 22:40:17 2019
elapsed time: 74 seconds (0d 0h 1m 14s)

